<?xml version="1.0" encoding="UTF-8"?>
<robot generator="Robot 5.0.1 (Python 3.10.4 on win32)" generated="20220530 11:55:06.583" rpa="false" schemaversion="3">
<suite id="s1" name="Assignment" source="D:\tester\assignment.robot">
<test id="s1-t1" name="tc-001 Verify that when input correct username and password then user can login" line="10">
<kw name="Open Browser" library="SeleniumLibrary">
<arg>file:///D:/tester/ep01_material/ep01/ep01_small_excercise.html</arg>
<arg>browser=chrome</arg>
<doc>Opens a new browser instance to the optional ``url``.</doc>
<msg timestamp="20220530 11:55:06.920" level="INFO">Opening browser 'chrome' to base url 'file:///D:/tester/ep01_material/ep01/ep01_small_excercise.html'.</msg>
<status status="PASS" starttime="20220530 11:55:06.919" endtime="20220530 11:55:08.169"/>
</kw>
<kw name="Input Text" library="SeleniumLibrary">
<arg>id=username-box</arg>
<arg>Admin</arg>
<doc>Types the given ``text`` into the text field identified by ``locator``.</doc>
<msg timestamp="20220530 11:55:08.170" level="INFO">Typing text 'Admin' into text field 'id=username-box'.</msg>
<status status="PASS" starttime="20220530 11:55:08.169" endtime="20220530 11:55:08.275"/>
</kw>
<kw name="Input Text" library="SeleniumLibrary">
<arg>xpath=//div[@v='password']/input</arg>
<arg>password</arg>
<doc>Types the given ``text`` into the text field identified by ``locator``.</doc>
<msg timestamp="20220530 11:55:08.276" level="INFO">Typing text 'password' into text field 'xpath=//div[@v='password']/input'.</msg>
<status status="PASS" starttime="20220530 11:55:08.275" endtime="20220530 11:55:08.368"/>
</kw>
<kw name="Input Text" library="SeleniumLibrary">
<arg>xpath=//input[@doppio='nickname']</arg>
<arg>admin</arg>
<doc>Types the given ``text`` into the text field identified by ``locator``.</doc>
<msg timestamp="20220530 11:55:08.369" level="INFO">Typing text 'admin' into text field 'xpath=//input[@doppio='nickname']'.</msg>
<status status="PASS" starttime="20220530 11:55:08.369" endtime="20220530 11:55:08.461"/>
</kw>
<kw name="Click Element" library="SeleniumLibrary">
<arg>xpath=//select[@id='company']</arg>
<doc>Click the element identified by ``locator``.</doc>
<msg timestamp="20220530 11:55:08.462" level="INFO">Clicking element 'xpath=//select[@id='company']'.</msg>
<status status="PASS" starttime="20220530 11:55:08.462" endtime="20220530 11:55:08.530"/>
</kw>
<kw name="Wait Until Element Is Visible" library="SeleniumLibrary">
<arg>xpath=//option[contains(text(),'${label}')]</arg>
<doc>Waits until the element ``locator`` is visible.</doc>
<status status="PASS" starttime="20220530 11:55:08.530" endtime="20220530 11:55:08.565"/>
</kw>
<kw name="Click Element" library="SeleniumLibrary">
<arg>xpath=//option[text()='${label}']</arg>
<doc>Click the element identified by ``locator``.</doc>
<msg timestamp="20220530 11:55:08.566" level="INFO">Clicking element 'xpath=//option[text()='Doppio']'.</msg>
<status status="PASS" starttime="20220530 11:55:08.566" endtime="20220530 11:55:08.607"/>
</kw>
<kw name="Select Checkbox" library="SeleniumLibrary">
<arg>id=op1</arg>
<doc>Selects the checkbox identified by ``locator``.</doc>
<msg timestamp="20220530 11:55:08.608" level="INFO">Selecting checkbox 'id=op1'.</msg>
<status status="PASS" starttime="20220530 11:55:08.607" endtime="20220530 11:55:08.696"/>
</kw>
<kw name="Click Button" library="SeleniumLibrary">
<arg>id=use-me</arg>
<doc>Clicks the button identified by ``locator``.</doc>
<msg timestamp="20220530 11:55:08.697" level="INFO">Clicking button 'id=use-me'.</msg>
<status status="PASS" starttime="20220530 11:55:08.696" endtime="20220530 11:55:08.761"/>
</kw>
<status status="PASS" starttime="20220530 11:55:06.918" endtime="20220530 11:55:08.762"/>
</test>
<status status="PASS" starttime="20220530 11:55:06.586" endtime="20220530 11:55:08.764"/>
</suite>
<statistics>
<total>
<stat pass="1" fail="0" skip="0">All Tests</stat>
</total>
<tag>
</tag>
<suite>
<stat pass="1" fail="0" skip="0" id="s1" name="Assignment">Assignment</stat>
</suite>
</statistics>
<errors>
</errors>
</robot>
