<?xml version="1.0" encoding="UTF-8"?>
<robot generator="Robot 5.0.1 (Python 3.10.4 on win32)" generated="20220530 14:35:05.569" rpa="false" schemaversion="3">
<suite id="s1" name="Api1" source="D:\tester\api automation\api1.robot">
<test id="s1-t1" name="TC-001 Verify that when input wrong username or password, API should return error" line="8">
<kw name="Create Session" library="RequestsLibrary">
<arg>loginSession</arg>
<arg>http://localhost:8082</arg>
<doc>Create Session: create a HTTP session to a server</doc>
<msg timestamp="20220530 14:35:05.838" level="INFO">Creating Session using : alias=loginSession, url=http://localhost:8082, headers={},                     cookies={}, auth=None, timeout=None, proxies=None, verify=False,                     debug=0 </msg>
<status status="PASS" starttime="20220530 14:35:05.838" endtime="20220530 14:35:05.838"/>
</kw>
<kw name="Create Dictionary" library="BuiltIn">
<var>${request_body}</var>
<arg>username=doppio222</arg>
<arg>password=12345</arg>
<doc>Creates and returns a dictionary based on the given ``items``.</doc>
<msg timestamp="20220530 14:35:05.839" level="INFO">${request_body} = {'username': 'doppio222', 'password': '12345'}</msg>
<status status="PASS" starttime="20220530 14:35:05.839" endtime="20220530 14:35:05.839"/>
</kw>
<kw name="POST On Session" library="RequestsLibrary">
<var>${resp}</var>
<arg>loginSession</arg>
<arg>/login</arg>
<arg>json=${request_body}</arg>
<arg>expected_status=401</arg>
<doc>Sends a POST request on a previously created HTTP Session.</doc>
<msg timestamp="20220530 14:35:05.852" level="INFO">POST Request : url=http://localhost:8082/login 
 path_url=/login 
 headers={'User-Agent': 'python-requests/2.27.1', 'Accept-Encoding': 'gzip, deflate', 'Accept': '*/*', 'Connection': 'keep-alive', 'Content-Length': '46', 'Content-Type': 'application/json'} 
 body=b'{"username": "doppio222", "password": "12345"}' 
 </msg>
<msg timestamp="20220530 14:35:05.853" level="INFO">POST Response : url=http://localhost:8082/login 
 status=401, reason= 
 headers={'Content-Type': 'application/json', 'Transfer-Encoding': 'chunked', 'Date': 'Mon, 30 May 2022 11:35:05 GMT', 'Keep-Alive': 'timeout=60', 'Connection': 'keep-alive'} 
 body={"status":"error","message":"invalid username or password"} 
 </msg>
<msg timestamp="20220530 14:35:05.853" level="INFO">${resp} = &lt;Response [401]&gt;</msg>
<status status="PASS" starttime="20220530 14:35:05.840" endtime="20220530 14:35:05.853"/>
</kw>
<kw name="Should Be Equal" library="BuiltIn">
<arg>${resp.json()['status']}</arg>
<arg>error</arg>
<doc>Fails if the given objects are unequal.</doc>
<status status="PASS" starttime="20220530 14:35:05.854" endtime="20220530 14:35:05.856"/>
</kw>
<kw name="Should Be Equal" library="BuiltIn">
<arg>${resp.json()['message']}</arg>
<arg>invalid username or password</arg>
<doc>Fails if the given objects are unequal.</doc>
<status status="PASS" starttime="20220530 14:35:05.856" endtime="20220530 14:35:05.857"/>
</kw>
<status status="PASS" starttime="20220530 14:35:05.836" endtime="20220530 14:35:05.857"/>
</test>
<test id="s1-t2" name="TC-002 Verify that can Get Asset List From Get API correctly" line="16">
<kw name="Create Session" library="RequestsLibrary">
<arg>assetSession</arg>
<arg>http://localhost:8082</arg>
<doc>Create Session: create a HTTP session to a server</doc>
<msg timestamp="20220530 14:35:05.860" level="INFO">Creating Session using : alias=assetSession, url=http://localhost:8082, headers={},                     cookies={}, auth=None, timeout=None, proxies=None, verify=False,                     debug=0 </msg>
<status status="PASS" starttime="20220530 14:35:05.859" endtime="20220530 14:35:05.860"/>
</kw>
<kw name="Create Dictionary" library="BuiltIn">
<var>${request_body}</var>
<arg>username=doppio</arg>
<arg>password=weBuildBestQa</arg>
<doc>Creates and returns a dictionary based on the given ``items``.</doc>
<msg timestamp="20220530 14:35:05.861" level="INFO">${request_body} = {'username': 'doppio', 'password': 'weBuildBestQa'}</msg>
<status status="PASS" starttime="20220530 14:35:05.861" endtime="20220530 14:35:05.862"/>
</kw>
<kw name="POST On Session" library="RequestsLibrary">
<var>${resp}</var>
<arg>assetSession</arg>
<arg>/login</arg>
<arg>json=${request_body}</arg>
<arg>expected_status=200</arg>
<doc>Sends a POST request on a previously created HTTP Session.</doc>
<msg timestamp="20220530 14:35:05.870" level="INFO">POST Request : url=http://localhost:8082/login 
 path_url=/login 
 headers={'User-Agent': 'python-requests/2.27.1', 'Accept-Encoding': 'gzip, deflate', 'Accept': '*/*', 'Connection': 'keep-alive', 'Content-Length': '51', 'Content-Type': 'application/json'} 
 body=b'{"username": "doppio", "password": "weBuildBestQa"}' 
 </msg>
<msg timestamp="20220530 14:35:05.870" level="INFO">POST Response : url=http://localhost:8082/login 
 status=200, reason= 
 headers={'Content-Type': 'application/json', 'Transfer-Encoding': 'chunked', 'Date': 'Mon, 30 May 2022 11:35:05 GMT', 'Keep-Alive': 'timeout=60', 'Connection': 'keep-alive'} 
 body={"status":"success","message":"RFfL93zAa5M5Qmei_tFosKscWR5bu51V"} 
 </msg>
<msg timestamp="20220530 14:35:05.870" level="INFO">${resp} = &lt;Response [200]&gt;</msg>
<status status="PASS" starttime="20220530 14:35:05.862" endtime="20220530 14:35:05.870"/>
</kw>
<kw name="Set Variable" library="BuiltIn">
<var>${token}</var>
<arg>${resp.json()['message']}</arg>
<doc>Returns the given values which can then be assigned to a variables.</doc>
<msg timestamp="20220530 14:35:05.872" level="INFO">${token} = RFfL93zAa5M5Qmei_tFosKscWR5bu51V</msg>
<status status="PASS" starttime="20220530 14:35:05.871" endtime="20220530 14:35:05.872"/>
</kw>
<kw name="Create Dictionary" library="BuiltIn">
<var>${headers}</var>
<arg>token=${token}</arg>
<doc>Creates and returns a dictionary based on the given ``items``.</doc>
<msg timestamp="20220530 14:35:05.873" level="INFO">${headers} = {'token': 'RFfL93zAa5M5Qmei_tFosKscWR5bu51V'}</msg>
<status status="PASS" starttime="20220530 14:35:05.872" endtime="20220530 14:35:05.873"/>
</kw>
<kw name="Set Global Variable" library="BuiltIn">
<arg>${headers}</arg>
<doc>Makes a variable available globally in all tests and suites.</doc>
<msg timestamp="20220530 14:35:05.874" level="INFO">${headers} = {'token': 'RFfL93zAa5M5Qmei_tFosKscWR5bu51V'}</msg>
<status status="PASS" starttime="20220530 14:35:05.873" endtime="20220530 14:35:05.874"/>
</kw>
<kw name="GET On Session" library="RequestsLibrary">
<var>${get_resp}</var>
<arg>assetSession</arg>
<arg>/assets</arg>
<arg>headers=${headers}</arg>
<doc>Sends a GET request on a previously created HTTP Session.</doc>
<msg timestamp="20220530 14:35:05.881" level="INFO">GET Request : url=http://localhost:8082/assets 
 path_url=/assets 
 headers={'User-Agent': 'python-requests/2.27.1', 'Accept-Encoding': 'gzip, deflate', 'Accept': '*/*', 'Connection': 'keep-alive', 'token': 'RFfL93zAa5M5Qmei_tFosKscWR5bu51V'} 
 body=None 
 </msg>
<msg timestamp="20220530 14:35:05.881" level="INFO">GET Response : url=http://localhost:8082/assets 
 status=200, reason= 
 headers={'Content-Type': 'application/json', 'Transfer-Encoding': 'chunked', 'Date': 'Mon, 30 May 2022 11:35:05 GMT', 'Keep-Alive': 'timeout=60', 'Connection': 'keep-alive'} 
 body=[{"assetId":"a001","assetName":"Macbook Pro","assetType":1,"inUse":true},{"assetId":"a002","assetName":"Lenovo B112","assetType":2,"inUse":true},{"assetId":"a003","assetName":"Apple Iphone 11","assetType":3,"inUse":true},{"assetId":"a004","assetName":"Macbook Air","assetType":1,"inUse":true},{"assetId":"a005","assetName":"Xiaomi Mi6","assetType":4,"inUse":true},{"assetId":"a99c","assetName":"Macpro m1","assetType":1,"inUse":true}] 
 </msg>
<msg timestamp="20220530 14:35:05.881" level="INFO">${get_resp} = &lt;Response [200]&gt;</msg>
<status status="PASS" starttime="20220530 14:35:05.874" endtime="20220530 14:35:05.882"/>
</kw>
<kw name="Log To Console" library="BuiltIn">
<arg>${get_resp}</arg>
<doc>Logs the given message to the console.</doc>
<status status="PASS" starttime="20220530 14:35:05.882" endtime="20220530 14:35:05.885"/>
</kw>
<kw name="Get Length" library="BuiltIn">
<var>${count}</var>
<arg>${get_resp.json()}</arg>
<doc>Returns and logs the length of the given item as an integer.</doc>
<msg timestamp="20220530 14:35:05.886" level="INFO">Length is 6</msg>
<msg timestamp="20220530 14:35:05.886" level="INFO">${count} = 6</msg>
<status status="PASS" starttime="20220530 14:35:05.885" endtime="20220530 14:35:05.886"/>
</kw>
<kw name="Evaluate" library="BuiltIn">
<var>${morethanone}</var>
<arg>${count}&gt;0</arg>
<doc>Evaluates the given expression in Python and returns the result.</doc>
<msg timestamp="20220530 14:35:05.888" level="INFO">${morethanone} = True</msg>
<status status="PASS" starttime="20220530 14:35:05.887" endtime="20220530 14:35:05.888"/>
</kw>
<kw name="Should Be True" library="BuiltIn">
<arg>${morethanone}</arg>
<doc>Fails if the given condition is not true.</doc>
<status status="PASS" starttime="20220530 14:35:05.888" endtime="20220530 14:35:05.889"/>
</kw>
<status status="PASS" starttime="20220530 14:35:05.858" endtime="20220530 14:35:05.889"/>
</test>
<test id="s1-t3" name="TC-003 Verify that get asset API always require valid token" line="34">
<kw name="Create Dictionary" library="BuiltIn">
<var>${newheaders}</var>
<arg>token=123</arg>
<doc>Creates and returns a dictionary based on the given ``items``.</doc>
<msg timestamp="20220530 14:35:05.891" level="INFO">${newheaders} = {'token': '123'}</msg>
<status status="PASS" starttime="20220530 14:35:05.891" endtime="20220530 14:35:05.891"/>
</kw>
<kw name="GET On Session" library="RequestsLibrary">
<var>${get_resp}</var>
<arg>assetSession</arg>
<arg>/assets</arg>
<arg>headers=${newheaders}</arg>
<arg>expected_status=401</arg>
<doc>Sends a GET request on a previously created HTTP Session.</doc>
<msg timestamp="20220530 14:35:05.896" level="INFO">GET Request : url=http://localhost:8082/assets 
 path_url=/assets 
 headers={'User-Agent': 'python-requests/2.27.1', 'Accept-Encoding': 'gzip, deflate', 'Accept': '*/*', 'Connection': 'keep-alive', 'token': '123'} 
 body=None 
 </msg>
<msg timestamp="20220530 14:35:05.896" level="INFO">GET Response : url=http://localhost:8082/assets 
 status=401, reason= 
 headers={'Content-Type': 'application/json', 'Transfer-Encoding': 'chunked', 'Date': 'Mon, 30 May 2022 11:35:05 GMT', 'Keep-Alive': 'timeout=60', 'Connection': 'keep-alive'} 
 body={"status":"error","message":"you do not have access to this resource"} 
 </msg>
<msg timestamp="20220530 14:35:05.896" level="INFO">${get_resp} = &lt;Response [401]&gt;</msg>
<status status="PASS" starttime="20220530 14:35:05.891" endtime="20220530 14:35:05.896"/>
</kw>
<kw name="Should Be Equal" library="BuiltIn">
<arg>${get_resp.json()['status']}</arg>
<arg>error</arg>
<doc>Fails if the given objects are unequal.</doc>
<status status="PASS" starttime="20220530 14:35:05.897" endtime="20220530 14:35:05.898"/>
</kw>
<kw name="Should Be Equal" library="BuiltIn">
<arg>${get_resp.json()['message']}</arg>
<arg>you do not have access to this resource</arg>
<doc>Fails if the given objects are unequal.</doc>
<status status="PASS" starttime="20220530 14:35:05.898" endtime="20220530 14:35:05.899"/>
</kw>
<status status="PASS" starttime="20220530 14:35:05.890" endtime="20220530 14:35:05.899"/>
</test>
<test id="s1-t4" name="TC-004 Verify that create asset API can work correctly" line="41">
<kw name="Create Dictionary" library="BuiltIn">
<var>${request_body}</var>
<arg>assetId=a99c</arg>
<arg>assetName=Macpro m1</arg>
<arg>assetType=1</arg>
<arg>inUse=true</arg>
<doc>Creates and returns a dictionary based on the given ``items``.</doc>
<msg timestamp="20220530 14:35:05.902" level="INFO">${request_body} = {'assetId': 'a99c', 'assetName': 'Macpro m1', 'assetType': '1', 'inUse': 'true'}</msg>
<status status="PASS" starttime="20220530 14:35:05.901" endtime="20220530 14:35:05.902"/>
</kw>
<kw name="POST On Session" library="RequestsLibrary">
<var>${resp}</var>
<arg>assetSession</arg>
<arg>/assets</arg>
<arg>headers=${headers}</arg>
<arg>json=${request_body}</arg>
<arg>expected_status=200</arg>
<doc>Sends a POST request on a previously created HTTP Session.</doc>
<msg timestamp="20220530 14:35:05.913" level="INFO">POST Request : url=http://localhost:8082/assets 
 path_url=/assets 
 headers={'User-Agent': 'python-requests/2.27.1', 'Accept-Encoding': 'gzip, deflate', 'Accept': '*/*', 'Connection': 'keep-alive', 'token': 'RFfL93zAa5M5Qmei_tFosKscWR5bu51V', 'Content-Length': '80', 'Content-Type': 'application/json'} 
 body=b'{"assetId": "a99c", "assetName": "Macpro m1", "assetType": "1", "inUse": "true"}' 
 </msg>
<msg timestamp="20220530 14:35:05.913" level="INFO">POST Response : url=http://localhost:8082/assets 
 status=200, reason= 
 headers={'Content-Type': 'application/json', 'Transfer-Encoding': 'chunked', 'Date': 'Mon, 30 May 2022 11:35:05 GMT', 'Keep-Alive': 'timeout=60', 'Connection': 'keep-alive'} 
 body={"status":"failed","message":"id : a99c is already exists , please try with another id"} 
 </msg>
<msg timestamp="20220530 14:35:05.913" level="INFO">${resp} = &lt;Response [200]&gt;</msg>
<status status="PASS" starttime="20220530 14:35:05.902" endtime="20220530 14:35:05.913"/>
</kw>
<kw name="GET On Session" library="RequestsLibrary">
<var>${get_resp}</var>
<arg>assetSession</arg>
<arg>/assets</arg>
<arg>headers=${headers}</arg>
<doc>Sends a GET request on a previously created HTTP Session.</doc>
<msg timestamp="20220530 14:35:05.920" level="INFO">GET Request : url=http://localhost:8082/assets 
 path_url=/assets 
 headers={'User-Agent': 'python-requests/2.27.1', 'Accept-Encoding': 'gzip, deflate', 'Accept': '*/*', 'Connection': 'keep-alive', 'token': 'RFfL93zAa5M5Qmei_tFosKscWR5bu51V'} 
 body=None 
 </msg>
<msg timestamp="20220530 14:35:05.920" level="INFO">GET Response : url=http://localhost:8082/assets 
 status=200, reason= 
 headers={'Content-Type': 'application/json', 'Transfer-Encoding': 'chunked', 'Date': 'Mon, 30 May 2022 11:35:05 GMT', 'Keep-Alive': 'timeout=60', 'Connection': 'keep-alive'} 
 body=[{"assetId":"a001","assetName":"Macbook Pro","assetType":1,"inUse":true},{"assetId":"a002","assetName":"Lenovo B112","assetType":2,"inUse":true},{"assetId":"a003","assetName":"Apple Iphone 11","assetType":3,"inUse":true},{"assetId":"a004","assetName":"Macbook Air","assetType":1,"inUse":true},{"assetId":"a005","assetName":"Xiaomi Mi6","assetType":4,"inUse":true},{"assetId":"a99c","assetName":"Macpro m1","assetType":1,"inUse":true}] 
 </msg>
<msg timestamp="20220530 14:35:05.920" level="INFO">${get_resp} = &lt;Response [200]&gt;</msg>
<status status="PASS" starttime="20220530 14:35:05.914" endtime="20220530 14:35:05.920"/>
</kw>
<kw name="Get Length" library="BuiltIn">
<var>${count}</var>
<arg>${get_resp.json()}</arg>
<doc>Returns and logs the length of the given item as an integer.</doc>
<msg timestamp="20220530 14:35:05.923" level="INFO">Length is 6</msg>
<msg timestamp="20220530 14:35:05.923" level="INFO">${count} = 6</msg>
<status status="PASS" starttime="20220530 14:35:05.921" endtime="20220530 14:35:05.923"/>
</kw>
<kw name="Evaluate" library="BuiltIn">
<var>${morethanone}</var>
<arg>${count}&gt;0</arg>
<doc>Evaluates the given expression in Python and returns the result.</doc>
<msg timestamp="20220530 14:35:05.925" level="INFO">${morethanone} = True</msg>
<status status="PASS" starttime="20220530 14:35:05.924" endtime="20220530 14:35:05.925"/>
</kw>
<kw name="Should Be True" library="BuiltIn">
<arg>${morethanone}</arg>
<doc>Fails if the given condition is not true.</doc>
<status status="PASS" starttime="20220530 14:35:05.926" endtime="20220530 14:35:05.926"/>
</kw>
<kw name="Evaluate" library="BuiltIn">
<var>${last}</var>
<arg>${count}-1</arg>
<doc>Evaluates the given expression in Python and returns the result.</doc>
<msg timestamp="20220530 14:35:05.928" level="INFO">${last} = 5</msg>
<status status="PASS" starttime="20220530 14:35:05.927" endtime="20220530 14:35:05.928"/>
</kw>
<kw name="Should Be Equal" library="BuiltIn">
<arg>${get_resp.json()}[${last}][assetId]</arg>
<arg>a99c</arg>
<doc>Fails if the given objects are unequal.</doc>
<status status="PASS" starttime="20220530 14:35:05.928" endtime="20220530 14:35:05.930"/>
</kw>
<kw name="Should Be Equal" library="BuiltIn">
<arg>${get_resp.json()}[${last}][assetName]</arg>
<arg>Macpro m1</arg>
<doc>Fails if the given objects are unequal.</doc>
<status status="PASS" starttime="20220530 14:35:05.930" endtime="20220530 14:35:05.931"/>
</kw>
<kw name="Should Be Equal As Strings" library="BuiltIn">
<arg>${get_resp.json()}[${last}][assetType]</arg>
<arg>1</arg>
<doc>Fails if objects are unequal after converting them to strings.</doc>
<msg timestamp="20220530 14:35:05.932" level="INFO">Argument types are:
&lt;class 'int'&gt;
&lt;class 'str'&gt;</msg>
<status status="PASS" starttime="20220530 14:35:05.931" endtime="20220530 14:35:05.932"/>
</kw>
<kw name="Should Be True" library="BuiltIn">
<arg>${get_resp.json()}[${last}][inUse]</arg>
<doc>Fails if the given condition is not true.</doc>
<status status="PASS" starttime="20220530 14:35:05.933" endtime="20220530 14:35:05.934"/>
</kw>
<kw name="Log To Console" library="BuiltIn">
<arg>${get_resp.json()}[${last}]</arg>
<doc>Logs the given message to the console.</doc>
<status status="PASS" starttime="20220530 14:35:05.934" endtime="20220530 14:35:05.935"/>
</kw>
<status status="PASS" starttime="20220530 14:35:05.900" endtime="20220530 14:35:05.935"/>
</test>
<status status="PASS" starttime="20220530 14:35:05.572" endtime="20220530 14:35:05.937"/>
</suite>
<statistics>
<total>
<stat pass="4" fail="0" skip="0">All Tests</stat>
</total>
<tag>
</tag>
<suite>
<stat pass="4" fail="0" skip="0" id="s1" name="Api1">Api1</stat>
</suite>
</statistics>
<errors>
</errors>
</robot>
