<?xml version="1.0" encoding="UTF-8"?>
<robot generator="Robot 5.0.1 (Python 3.10.4 on win32)" generated="20220630 11:19:14.797" rpa="false" schemaversion="3">
<suite id="s1" name="Shoppee" source="D:\Assignment\web5_assignment\testcases\shoppee.robot">
<test id="s1-t1" name="TC001- Test shopee website at home page, computer products page and search company names page" line="17">
<kw name="Open browser and maximize" library="common" type="SETUP">
<kw name="Open Browser" library="SeleniumLibrary">
<arg>${url}</arg>
<arg>${browser}</arg>
<doc>Opens a new browser instance to the optional ``url``.</doc>
<msg timestamp="20220630 11:19:15.312" level="INFO">Opening browser 'Chrome' to base url 'https://shopee.co.th/'.</msg>
<status status="PASS" starttime="20220630 11:19:15.311" endtime="20220630 11:19:20.617"/>
</kw>
<kw name="Maximize Browser Window" library="SeleniumLibrary">
<doc>Maximizes current browser window.</doc>
<status status="PASS" starttime="20220630 11:19:20.618" endtime="20220630 11:19:21.461"/>
</kw>
<status status="PASS" starttime="20220630 11:19:15.311" endtime="20220630 11:19:21.461"/>
</kw>
<kw name="Verify list of products has all categories and click at &quot;Computers &amp; Laptops&quot;" library="home_feature">
<kw name="Choose language on popup" library="home">
<arg>English</arg>
<kw name="Replace String" library="String">
<var>${language_popup_locator}</var>
<arg>${language_popup_locator}</arg>
<arg>language</arg>
<arg>${language}</arg>
<doc>Replaces ``search_for`` in the given ``string`` with ``replace_with``.</doc>
<msg timestamp="20220630 11:19:21.465" level="INFO">${language_popup_locator} = xpath=//button[contains(text(),'English')]</msg>
<status status="PASS" starttime="20220630 11:19:21.464" endtime="20220630 11:19:21.465"/>
</kw>
<kw name="Wait Until Element Is Visible" library="SeleniumLibrary">
<arg>${language_popup_locator}</arg>
<arg>20s</arg>
<doc>Waits until the element ``locator`` is visible.</doc>
<status status="PASS" starttime="20220630 11:19:21.465" endtime="20220630 11:19:21.919"/>
</kw>
<kw name="Click Element" library="SeleniumLibrary">
<arg>${language_popup_locator}</arg>
<doc>Click the element identified by ``locator``.</doc>
<msg timestamp="20220630 11:19:21.920" level="INFO">Clicking element 'xpath=//button[contains(text(),'English')]'.</msg>
<status status="PASS" starttime="20220630 11:19:21.919" endtime="20220630 11:19:25.304"/>
</kw>
<status status="PASS" starttime="20220630 11:19:21.463" endtime="20220630 11:19:25.304"/>
</kw>
<kw name="Close advertise popup" library="home">
<kw name="Wait Until Page Contains Element" library="SeleniumLibrary">
<arg>${advertise_popup}</arg>
<doc>Waits until the element ``locator`` appears on the current page.</doc>
<status status="PASS" starttime="20220630 11:19:25.306" endtime="20220630 11:19:25.357"/>
</kw>
<kw name="Press Keys" library="SeleniumLibrary">
<arg>${advertise_popup}</arg>
<arg>ESCAPE</arg>
<doc>Simulates the user pressing key(s) to an element or on the active browser.</doc>
<msg timestamp="20220630 11:19:25.358" level="INFO">Sending key(s) ('ESCAPE',) to xpath=//shopee-banner-popup-stateful element.</msg>
<msg timestamp="20220630 11:19:26.514" level="INFO">Pressing special key ESCAPE to element.</msg>
<msg timestamp="20220630 11:19:26.514" level="INFO">Releasing special key ESCAPE.</msg>
<status status="PASS" starttime="20220630 11:19:25.357" endtime="20220630 11:19:26.641"/>
</kw>
<status status="PASS" starttime="20220630 11:19:25.305" endtime="20220630 11:19:26.641"/>
</kw>
<kw name="Verify home page has all categories" library="home">
<kw name="Wait Until Element Is Visible" library="SeleniumLibrary">
<arg>${categories_locator}</arg>
<arg>20s</arg>
<doc>Waits until the element ``locator`` is visible.</doc>
<status status="PASS" starttime="20220630 11:19:26.642" endtime="20220630 11:19:26.915"/>
</kw>
<kw name="Scroll Element Into View" library="SeleniumLibrary">
<arg>${categories_locator}</arg>
<doc>Scrolls the element identified by ``locator`` into view.</doc>
<status status="PASS" starttime="20220630 11:19:26.915" endtime="20220630 11:19:27.337"/>
</kw>
<kw name="Get list from file" library="common">
<var>@{categories_list}</var>
<arg>${data_path}</arg>
<arg>categories</arg>
<kw name="Read data from file" library="common">
<var>${data}</var>
<arg>${path}</arg>
<kw name="Run Keyword And Return Status" library="BuiltIn">
<var>${status}</var>
<arg>OperatingSystem.File should exist</arg>
<arg>${path}</arg>
<doc>Runs the given keyword with given arguments and returns the status as a Boolean value.</doc>
<kw name="File Should Exist" library="OperatingSystem">
<arg>${path}</arg>
<doc>Fails unless the given ``path`` points to an existing file.</doc>
<msg timestamp="20220630 11:19:27.341" level="INFO" html="true">File '&lt;a href="file://D:\Assignment\web5_assignment\keywords\utils\data.yaml"&gt;D:\Assignment\web5_assignment\keywords\utils\data.yaml&lt;/a&gt;' exists.</msg>
<status status="PASS" starttime="20220630 11:19:27.340" endtime="20220630 11:19:27.341"/>
</kw>
<msg timestamp="20220630 11:19:27.342" level="INFO">${status} = True</msg>
<status status="PASS" starttime="20220630 11:19:27.340" endtime="20220630 11:19:27.342"/>
</kw>
<if>
<branch type="IF" condition="'${status}'=='True'">
<kw name="Get File" library="OperatingSystem">
<var>${data_file}</var>
<arg>${path}</arg>
<doc>Returns the contents of a specified file.</doc>
<msg timestamp="20220630 11:19:27.344" level="INFO" html="true">Getting file '&lt;a href="file://D:\Assignment\web5_assignment\keywords\utils\data.yaml"&gt;D:\Assignment\web5_assignment\keywords\utils\data.yaml&lt;/a&gt;'.</msg>
<msg timestamp="20220630 11:19:27.344" level="INFO">${data_file} = categories:
  - Men Clothes
  - Mobile &amp; Gadgets
  - Health &amp; Wellness
  - Watches &amp; Glasses
  - Men Shoes
  - Computers &amp; Laptops
  - Cameras
  - Sports &amp; Outdoors
  - Home Entertainment 
  - Gaming ...</msg>
<status status="PASS" starttime="20220630 11:19:27.343" endtime="20220630 11:19:27.345"/>
</kw>
<kw name="Safe Load" library="yaml">
<var>${data}</var>
<arg>${data_file}</arg>
<doc>Parse the first YAML document in a stream
and produce the corresponding Python object.</doc>
<msg timestamp="20220630 11:19:27.355" level="INFO">${data} = {'categories': ['Men Clothes', 'Mobile &amp; Gadgets', 'Health &amp; Wellness', 'Watches &amp; Glasses', 'Men Shoes', 'Computers &amp; Laptops', 'Cameras', 'Sports &amp; Outdoors', 'Home Entertainment', 'Gaming &amp; Hobbies...</msg>
<status status="PASS" starttime="20220630 11:19:27.345" endtime="20220630 11:19:27.355"/>
</kw>
<status status="PASS" starttime="20220630 11:19:27.343" endtime="20220630 11:19:27.356"/>
</branch>
<branch type="ELSE">
<kw name="Log To Console" library="BuiltIn">
<arg>Not found file at ${path}</arg>
<doc>Logs the given message to the console.</doc>
<status status="NOT RUN" starttime="20220630 11:19:27.356" endtime="20220630 11:19:27.356"/>
</kw>
<status status="NOT RUN" starttime="20220630 11:19:27.356" endtime="20220630 11:19:27.356"/>
</branch>
<status status="PASS" starttime="20220630 11:19:27.342" endtime="20220630 11:19:27.356"/>
</if>
<msg timestamp="20220630 11:19:27.356" level="INFO">${data} = {'categories': ['Men Clothes', 'Mobile &amp; Gadgets', 'Health &amp; Wellness', 'Watches &amp; Glasses', 'Men Shoes', 'Computers &amp; Laptops', 'Cameras', 'Sports &amp; Outdoors', 'Home Entertainment', 'Gaming &amp; Hobbies...</msg>
<status status="PASS" starttime="20220630 11:19:27.339" endtime="20220630 11:19:27.356"/>
</kw>
<kw name="Copy List" library="Collections">
<var>@{list}</var>
<arg>${data}[${keyword}]</arg>
<doc>Returns a copy of the given list.</doc>
<msg timestamp="20220630 11:19:27.358" level="INFO">@{list} = [ Men Clothes | Mobile &amp; Gadgets | Health &amp; Wellness | Watches &amp; Glasses | Men Shoes | Computers &amp; Laptops | Cameras | Sports &amp; Outdoors | Home Entertainment | Gaming &amp; Hobbies | Women Clothes | Beaut...</msg>
<status status="PASS" starttime="20220630 11:19:27.357" endtime="20220630 11:19:27.358"/>
</kw>
<msg timestamp="20220630 11:19:27.358" level="INFO">@{categories_list} = [ Men Clothes | Mobile &amp; Gadgets | Health &amp; Wellness | Watches &amp; Glasses | Men Shoes | Computers &amp; Laptops | Cameras | Sports &amp; Outdoors | Home Entertainment | Gaming &amp; Hobbies | Women Clothes | Beaut...</msg>
<status status="PASS" starttime="20220630 11:19:27.338" endtime="20220630 11:19:27.359"/>
</kw>
<for flavor="IN">
<var>${item}</var>
<value>@{categories_list}</value>
<iter>
<var name="${item}">Men Clothes</var>
<kw name="Page Should Contain" library="SeleniumLibrary">
<arg>${item}</arg>
<doc>Verifies that current page contains ``text``.</doc>
<msg timestamp="20220630 11:19:27.414" level="INFO">Current page contains text 'Men Clothes'.</msg>
<status status="PASS" starttime="20220630 11:19:27.360" endtime="20220630 11:19:27.415"/>
</kw>
<kw name="Log" library="BuiltIn">
<arg>${item}</arg>
<doc>Logs the given message with the given level.</doc>
<msg timestamp="20220630 11:19:27.415" level="INFO">Men Clothes</msg>
<status status="PASS" starttime="20220630 11:19:27.415" endtime="20220630 11:19:27.416"/>
</kw>
<status status="PASS" starttime="20220630 11:19:27.359" endtime="20220630 11:19:27.416"/>
</iter>
<iter>
<var name="${item}">Mobile &amp; Gadgets</var>
<kw name="Page Should Contain" library="SeleniumLibrary">
<arg>${item}</arg>
<doc>Verifies that current page contains ``text``.</doc>
<msg timestamp="20220630 11:19:27.502" level="INFO">Current page contains text 'Mobile &amp; Gadgets'.</msg>
<status status="PASS" starttime="20220630 11:19:27.416" endtime="20220630 11:19:27.502"/>
</kw>
<kw name="Log" library="BuiltIn">
<arg>${item}</arg>
<doc>Logs the given message with the given level.</doc>
<msg timestamp="20220630 11:19:27.503" level="INFO">Mobile &amp; Gadgets</msg>
<status status="PASS" starttime="20220630 11:19:27.502" endtime="20220630 11:19:27.503"/>
</kw>
<status status="PASS" starttime="20220630 11:19:27.416" endtime="20220630 11:19:27.503"/>
</iter>
<iter>
<var name="${item}">Health &amp; Wellness</var>
<kw name="Page Should Contain" library="SeleniumLibrary">
<arg>${item}</arg>
<doc>Verifies that current page contains ``text``.</doc>
<msg timestamp="20220630 11:19:27.564" level="INFO">Current page contains text 'Health &amp; Wellness'.</msg>
<status status="PASS" starttime="20220630 11:19:27.504" endtime="20220630 11:19:27.565"/>
</kw>
<kw name="Log" library="BuiltIn">
<arg>${item}</arg>
<doc>Logs the given message with the given level.</doc>
<msg timestamp="20220630 11:19:27.566" level="INFO">Health &amp; Wellness</msg>
<status status="PASS" starttime="20220630 11:19:27.565" endtime="20220630 11:19:27.566"/>
</kw>
<status status="PASS" starttime="20220630 11:19:27.503" endtime="20220630 11:19:27.566"/>
</iter>
<iter>
<var name="${item}">Watches &amp; Glasses</var>
<kw name="Page Should Contain" library="SeleniumLibrary">
<arg>${item}</arg>
<doc>Verifies that current page contains ``text``.</doc>
<msg timestamp="20220630 11:19:27.618" level="INFO">Current page contains text 'Watches &amp; Glasses'.</msg>
<status status="PASS" starttime="20220630 11:19:27.566" endtime="20220630 11:19:27.618"/>
</kw>
<kw name="Log" library="BuiltIn">
<arg>${item}</arg>
<doc>Logs the given message with the given level.</doc>
<msg timestamp="20220630 11:19:27.619" level="INFO">Watches &amp; Glasses</msg>
<status status="PASS" starttime="20220630 11:19:27.618" endtime="20220630 11:19:27.619"/>
</kw>
<status status="PASS" starttime="20220630 11:19:27.566" endtime="20220630 11:19:27.619"/>
</iter>
<iter>
<var name="${item}">Men Shoes</var>
<kw name="Page Should Contain" library="SeleniumLibrary">
<arg>${item}</arg>
<doc>Verifies that current page contains ``text``.</doc>
<msg timestamp="20220630 11:19:27.665" level="INFO">Current page contains text 'Men Shoes'.</msg>
<status status="PASS" starttime="20220630 11:19:27.619" endtime="20220630 11:19:27.665"/>
</kw>
<kw name="Log" library="BuiltIn">
<arg>${item}</arg>
<doc>Logs the given message with the given level.</doc>
<msg timestamp="20220630 11:19:27.666" level="INFO">Men Shoes</msg>
<status status="PASS" starttime="20220630 11:19:27.665" endtime="20220630 11:19:27.666"/>
</kw>
<status status="PASS" starttime="20220630 11:19:27.619" endtime="20220630 11:19:27.666"/>
</iter>
<iter>
<var name="${item}">Computers &amp; Laptops</var>
<kw name="Page Should Contain" library="SeleniumLibrary">
<arg>${item}</arg>
<doc>Verifies that current page contains ``text``.</doc>
<msg timestamp="20220630 11:19:27.705" level="INFO">Current page contains text 'Computers &amp; Laptops'.</msg>
<status status="PASS" starttime="20220630 11:19:27.667" endtime="20220630 11:19:27.705"/>
</kw>
<kw name="Log" library="BuiltIn">
<arg>${item}</arg>
<doc>Logs the given message with the given level.</doc>
<msg timestamp="20220630 11:19:27.706" level="INFO">Computers &amp; Laptops</msg>
<status status="PASS" starttime="20220630 11:19:27.705" endtime="20220630 11:19:27.706"/>
</kw>
<status status="PASS" starttime="20220630 11:19:27.666" endtime="20220630 11:19:27.706"/>
</iter>
<iter>
<var name="${item}">Cameras</var>
<kw name="Page Should Contain" library="SeleniumLibrary">
<arg>${item}</arg>
<doc>Verifies that current page contains ``text``.</doc>
<msg timestamp="20220630 11:19:27.747" level="INFO">Current page contains text 'Cameras'.</msg>
<status status="PASS" starttime="20220630 11:19:27.706" endtime="20220630 11:19:27.747"/>
</kw>
<kw name="Log" library="BuiltIn">
<arg>${item}</arg>
<doc>Logs the given message with the given level.</doc>
<msg timestamp="20220630 11:19:27.748" level="INFO">Cameras</msg>
<status status="PASS" starttime="20220630 11:19:27.748" endtime="20220630 11:19:27.749"/>
</kw>
<status status="PASS" starttime="20220630 11:19:27.706" endtime="20220630 11:19:27.749"/>
</iter>
<iter>
<var name="${item}">Sports &amp; Outdoors</var>
<kw name="Page Should Contain" library="SeleniumLibrary">
<arg>${item}</arg>
<doc>Verifies that current page contains ``text``.</doc>
<msg timestamp="20220630 11:19:27.792" level="INFO">Current page contains text 'Sports &amp; Outdoors'.</msg>
<status status="PASS" starttime="20220630 11:19:27.749" endtime="20220630 11:19:27.792"/>
</kw>
<kw name="Log" library="BuiltIn">
<arg>${item}</arg>
<doc>Logs the given message with the given level.</doc>
<msg timestamp="20220630 11:19:27.793" level="INFO">Sports &amp; Outdoors</msg>
<status status="PASS" starttime="20220630 11:19:27.793" endtime="20220630 11:19:27.793"/>
</kw>
<status status="PASS" starttime="20220630 11:19:27.749" endtime="20220630 11:19:27.793"/>
</iter>
<iter>
<var name="${item}">Home Entertainment</var>
<kw name="Page Should Contain" library="SeleniumLibrary">
<arg>${item}</arg>
<doc>Verifies that current page contains ``text``.</doc>
<msg timestamp="20220630 11:19:27.833" level="INFO">Current page contains text 'Home Entertainment'.</msg>
<status status="PASS" starttime="20220630 11:19:27.794" endtime="20220630 11:19:27.833"/>
</kw>
<kw name="Log" library="BuiltIn">
<arg>${item}</arg>
<doc>Logs the given message with the given level.</doc>
<msg timestamp="20220630 11:19:27.834" level="INFO">Home Entertainment</msg>
<status status="PASS" starttime="20220630 11:19:27.833" endtime="20220630 11:19:27.834"/>
</kw>
<status status="PASS" starttime="20220630 11:19:27.794" endtime="20220630 11:19:27.834"/>
</iter>
<iter>
<var name="${item}">Gaming &amp; Hobbies</var>
<kw name="Page Should Contain" library="SeleniumLibrary">
<arg>${item}</arg>
<doc>Verifies that current page contains ``text``.</doc>
<msg timestamp="20220630 11:19:27.874" level="INFO">Current page contains text 'Gaming &amp; Hobbies'.</msg>
<status status="PASS" starttime="20220630 11:19:27.835" endtime="20220630 11:19:27.874"/>
</kw>
<kw name="Log" library="BuiltIn">
<arg>${item}</arg>
<doc>Logs the given message with the given level.</doc>
<msg timestamp="20220630 11:19:27.874" level="INFO">Gaming &amp; Hobbies</msg>
<status status="PASS" starttime="20220630 11:19:27.874" endtime="20220630 11:19:27.875"/>
</kw>
<status status="PASS" starttime="20220630 11:19:27.834" endtime="20220630 11:19:27.875"/>
</iter>
<iter>
<var name="${item}">Women Clothes</var>
<kw name="Page Should Contain" library="SeleniumLibrary">
<arg>${item}</arg>
<doc>Verifies that current page contains ``text``.</doc>
<msg timestamp="20220630 11:19:27.912" level="INFO">Current page contains text 'Women Clothes'.</msg>
<status status="PASS" starttime="20220630 11:19:27.875" endtime="20220630 11:19:27.912"/>
</kw>
<kw name="Log" library="BuiltIn">
<arg>${item}</arg>
<doc>Logs the given message with the given level.</doc>
<msg timestamp="20220630 11:19:27.913" level="INFO">Women Clothes</msg>
<status status="PASS" starttime="20220630 11:19:27.913" endtime="20220630 11:19:27.914"/>
</kw>
<status status="PASS" starttime="20220630 11:19:27.875" endtime="20220630 11:19:27.914"/>
</iter>
<iter>
<var name="${item}">Beauty &amp; Personal Care</var>
<kw name="Page Should Contain" library="SeleniumLibrary">
<arg>${item}</arg>
<doc>Verifies that current page contains ``text``.</doc>
<msg timestamp="20220630 11:19:27.947" level="INFO">Current page contains text 'Beauty &amp; Personal Care'.</msg>
<status status="PASS" starttime="20220630 11:19:27.914" endtime="20220630 11:19:27.947"/>
</kw>
<kw name="Log" library="BuiltIn">
<arg>${item}</arg>
<doc>Logs the given message with the given level.</doc>
<msg timestamp="20220630 11:19:27.948" level="INFO">Beauty &amp; Personal Care</msg>
<status status="PASS" starttime="20220630 11:19:27.947" endtime="20220630 11:19:27.948"/>
</kw>
<status status="PASS" starttime="20220630 11:19:27.914" endtime="20220630 11:19:27.948"/>
</iter>
<iter>
<var name="${item}">Baby &amp; Toys</var>
<kw name="Page Should Contain" library="SeleniumLibrary">
<arg>${item}</arg>
<doc>Verifies that current page contains ``text``.</doc>
<msg timestamp="20220630 11:19:27.986" level="INFO">Current page contains text 'Baby &amp; Toys'.</msg>
<status status="PASS" starttime="20220630 11:19:27.949" endtime="20220630 11:19:27.987"/>
</kw>
<kw name="Log" library="BuiltIn">
<arg>${item}</arg>
<doc>Logs the given message with the given level.</doc>
<msg timestamp="20220630 11:19:27.987" level="INFO">Baby &amp; Toys</msg>
<status status="PASS" starttime="20220630 11:19:27.987" endtime="20220630 11:19:27.988"/>
</kw>
<status status="PASS" starttime="20220630 11:19:27.948" endtime="20220630 11:19:27.988"/>
</iter>
<iter>
<var name="${item}">Home &amp; Living</var>
<kw name="Page Should Contain" library="SeleniumLibrary">
<arg>${item}</arg>
<doc>Verifies that current page contains ``text``.</doc>
<msg timestamp="20220630 11:19:28.028" level="INFO">Current page contains text 'Home &amp; Living'.</msg>
<status status="PASS" starttime="20220630 11:19:27.988" endtime="20220630 11:19:28.028"/>
</kw>
<kw name="Log" library="BuiltIn">
<arg>${item}</arg>
<doc>Logs the given message with the given level.</doc>
<msg timestamp="20220630 11:19:28.029" level="INFO">Home &amp; Living</msg>
<status status="PASS" starttime="20220630 11:19:28.029" endtime="20220630 11:19:28.029"/>
</kw>
<status status="PASS" starttime="20220630 11:19:27.988" endtime="20220630 11:19:28.030"/>
</iter>
<iter>
<var name="${item}">Bags</var>
<kw name="Page Should Contain" library="SeleniumLibrary">
<arg>${item}</arg>
<doc>Verifies that current page contains ``text``.</doc>
<msg timestamp="20220630 11:19:28.067" level="INFO">Current page contains text 'Bags'.</msg>
<status status="PASS" starttime="20220630 11:19:28.030" endtime="20220630 11:19:28.067"/>
</kw>
<kw name="Log" library="BuiltIn">
<arg>${item}</arg>
<doc>Logs the given message with the given level.</doc>
<msg timestamp="20220630 11:19:28.068" level="INFO">Bags</msg>
<status status="PASS" starttime="20220630 11:19:28.068" endtime="20220630 11:19:28.068"/>
</kw>
<status status="PASS" starttime="20220630 11:19:28.030" endtime="20220630 11:19:28.068"/>
</iter>
<iter>
<var name="${item}">Women Shoes</var>
<kw name="Page Should Contain" library="SeleniumLibrary">
<arg>${item}</arg>
<doc>Verifies that current page contains ``text``.</doc>
<msg timestamp="20220630 11:19:28.112" level="INFO">Current page contains text 'Women Shoes'.</msg>
<status status="PASS" starttime="20220630 11:19:28.069" endtime="20220630 11:19:28.112"/>
</kw>
<kw name="Log" library="BuiltIn">
<arg>${item}</arg>
<doc>Logs the given message with the given level.</doc>
<msg timestamp="20220630 11:19:28.113" level="INFO">Women Shoes</msg>
<status status="PASS" starttime="20220630 11:19:28.113" endtime="20220630 11:19:28.113"/>
</kw>
<status status="PASS" starttime="20220630 11:19:28.068" endtime="20220630 11:19:28.114"/>
</iter>
<iter>
<var name="${item}">Fashion Accessories</var>
<kw name="Page Should Contain" library="SeleniumLibrary">
<arg>${item}</arg>
<doc>Verifies that current page contains ``text``.</doc>
<msg timestamp="20220630 11:19:28.146" level="INFO">Current page contains text 'Fashion Accessories'.</msg>
<status status="PASS" starttime="20220630 11:19:28.114" endtime="20220630 11:19:28.147"/>
</kw>
<kw name="Log" library="BuiltIn">
<arg>${item}</arg>
<doc>Logs the given message with the given level.</doc>
<msg timestamp="20220630 11:19:28.148" level="INFO">Fashion Accessories</msg>
<status status="PASS" starttime="20220630 11:19:28.147" endtime="20220630 11:19:28.148"/>
</kw>
<status status="PASS" starttime="20220630 11:19:28.114" endtime="20220630 11:19:28.148"/>
</iter>
<iter>
<var name="${item}">Food &amp; Beverages</var>
<kw name="Page Should Contain" library="SeleniumLibrary">
<arg>${item}</arg>
<doc>Verifies that current page contains ``text``.</doc>
<msg timestamp="20220630 11:19:28.180" level="INFO">Current page contains text 'Food &amp; Beverages'.</msg>
<status status="PASS" starttime="20220630 11:19:28.148" endtime="20220630 11:19:28.180"/>
</kw>
<kw name="Log" library="BuiltIn">
<arg>${item}</arg>
<doc>Logs the given message with the given level.</doc>
<msg timestamp="20220630 11:19:28.181" level="INFO">Food &amp; Beverages</msg>
<status status="PASS" starttime="20220630 11:19:28.181" endtime="20220630 11:19:28.181"/>
</kw>
<status status="PASS" starttime="20220630 11:19:28.148" endtime="20220630 11:19:28.181"/>
</iter>
<iter>
<var name="${item}">Home Appliances</var>
<kw name="Page Should Contain" library="SeleniumLibrary">
<arg>${item}</arg>
<doc>Verifies that current page contains ``text``.</doc>
<msg timestamp="20220630 11:19:28.215" level="INFO">Current page contains text 'Home Appliances'.</msg>
<status status="PASS" starttime="20220630 11:19:28.182" endtime="20220630 11:19:28.215"/>
</kw>
<kw name="Log" library="BuiltIn">
<arg>${item}</arg>
<doc>Logs the given message with the given level.</doc>
<msg timestamp="20220630 11:19:28.216" level="INFO">Home Appliances</msg>
<status status="PASS" starttime="20220630 11:19:28.216" endtime="20220630 11:19:28.216"/>
</kw>
<status status="PASS" starttime="20220630 11:19:28.181" endtime="20220630 11:19:28.216"/>
</iter>
<iter>
<var name="${item}">Pets</var>
<kw name="Page Should Contain" library="SeleniumLibrary">
<arg>${item}</arg>
<doc>Verifies that current page contains ``text``.</doc>
<msg timestamp="20220630 11:19:28.250" level="INFO">Current page contains text 'Pets'.</msg>
<status status="PASS" starttime="20220630 11:19:28.217" endtime="20220630 11:19:28.251"/>
</kw>
<kw name="Log" library="BuiltIn">
<arg>${item}</arg>
<doc>Logs the given message with the given level.</doc>
<msg timestamp="20220630 11:19:28.251" level="INFO">Pets</msg>
<status status="PASS" starttime="20220630 11:19:28.251" endtime="20220630 11:19:28.252"/>
</kw>
<status status="PASS" starttime="20220630 11:19:28.217" endtime="20220630 11:19:28.252"/>
</iter>
<status status="PASS" starttime="20220630 11:19:27.359" endtime="20220630 11:19:28.252"/>
</for>
<status status="PASS" starttime="20220630 11:19:26.641" endtime="20220630 11:19:28.252"/>
</kw>
<kw name="Choose category" library="home">
<arg>Computers</arg>
<kw name="Replace String" library="String">
<var>${topic_locator}</var>
<arg>${topic_locator}</arg>
<arg>topic</arg>
<arg>${topic}</arg>
<doc>Replaces ``search_for`` in the given ``string`` with ``replace_with``.</doc>
<msg timestamp="20220630 11:19:28.254" level="INFO">${topic_locator} = xpath=//a[@class='home-category-list__category-grid' and contains(@href,'/Computers')]</msg>
<status status="PASS" starttime="20220630 11:19:28.253" endtime="20220630 11:19:28.254"/>
</kw>
<kw name="Scroll Element Into View" library="SeleniumLibrary">
<arg>${categories_locator}</arg>
<doc>Scrolls the element identified by ``locator`` into view.</doc>
<status status="PASS" starttime="20220630 11:19:28.254" endtime="20220630 11:19:28.552"/>
</kw>
<kw name="Click Element" library="SeleniumLibrary">
<arg>${topic_locator}</arg>
<doc>Click the element identified by ``locator``.</doc>
<msg timestamp="20220630 11:19:28.552" level="INFO">Clicking element 'xpath=//a[@class='home-category-list__category-grid' and contains(@href,'/Computers')]'.</msg>
<status status="PASS" starttime="20220630 11:19:28.552" endtime="20220630 11:19:28.779"/>
</kw>
<status status="PASS" starttime="20220630 11:19:28.252" endtime="20220630 11:19:28.780"/>
</kw>
<status status="PASS" starttime="20220630 11:19:21.462" endtime="20220630 11:19:28.780"/>
</kw>
<kw name="Verify list of seller name has all companies and click at IT CITY" library="computer_products_feature">
<kw name="Verify computer page has all categories" library="computer">
<kw name="Read data from file" library="common">
<var>${data}</var>
<arg>${data_path}</arg>
<kw name="Run Keyword And Return Status" library="BuiltIn">
<var>${status}</var>
<arg>OperatingSystem.File should exist</arg>
<arg>${path}</arg>
<doc>Runs the given keyword with given arguments and returns the status as a Boolean value.</doc>
<kw name="File Should Exist" library="OperatingSystem">
<arg>${path}</arg>
<doc>Fails unless the given ``path`` points to an existing file.</doc>
<msg timestamp="20220630 11:19:28.785" level="INFO" html="true">File '&lt;a href="file://D:\Assignment\web5_assignment\keywords\utils\data.yaml"&gt;D:\Assignment\web5_assignment\keywords\utils\data.yaml&lt;/a&gt;' exists.</msg>
<status status="PASS" starttime="20220630 11:19:28.785" endtime="20220630 11:19:28.785"/>
</kw>
<msg timestamp="20220630 11:19:28.786" level="INFO">${status} = True</msg>
<status status="PASS" starttime="20220630 11:19:28.784" endtime="20220630 11:19:28.786"/>
</kw>
<if>
<branch type="IF" condition="'${status}'=='True'">
<kw name="Get File" library="OperatingSystem">
<var>${data_file}</var>
<arg>${path}</arg>
<doc>Returns the contents of a specified file.</doc>
<msg timestamp="20220630 11:19:28.787" level="INFO" html="true">Getting file '&lt;a href="file://D:\Assignment\web5_assignment\keywords\utils\data.yaml"&gt;D:\Assignment\web5_assignment\keywords\utils\data.yaml&lt;/a&gt;'.</msg>
<msg timestamp="20220630 11:19:28.788" level="INFO">${data_file} = categories:
  - Men Clothes
  - Mobile &amp; Gadgets
  - Health &amp; Wellness
  - Watches &amp; Glasses
  - Men Shoes
  - Computers &amp; Laptops
  - Cameras
  - Sports &amp; Outdoors
  - Home Entertainment 
  - Gaming ...</msg>
<status status="PASS" starttime="20220630 11:19:28.786" endtime="20220630 11:19:28.788"/>
</kw>
<kw name="Safe Load" library="yaml">
<var>${data}</var>
<arg>${data_file}</arg>
<doc>Parse the first YAML document in a stream
and produce the corresponding Python object.</doc>
<msg timestamp="20220630 11:19:28.799" level="INFO">${data} = {'categories': ['Men Clothes', 'Mobile &amp; Gadgets', 'Health &amp; Wellness', 'Watches &amp; Glasses', 'Men Shoes', 'Computers &amp; Laptops', 'Cameras', 'Sports &amp; Outdoors', 'Home Entertainment', 'Gaming &amp; Hobbies...</msg>
<status status="PASS" starttime="20220630 11:19:28.788" endtime="20220630 11:19:28.800"/>
</kw>
<status status="PASS" starttime="20220630 11:19:28.786" endtime="20220630 11:19:28.800"/>
</branch>
<branch type="ELSE">
<kw name="Log To Console" library="BuiltIn">
<arg>Not found file at ${path}</arg>
<doc>Logs the given message to the console.</doc>
<status status="NOT RUN" starttime="20220630 11:19:28.800" endtime="20220630 11:19:28.800"/>
</kw>
<status status="NOT RUN" starttime="20220630 11:19:28.800" endtime="20220630 11:19:28.800"/>
</branch>
<status status="PASS" starttime="20220630 11:19:28.786" endtime="20220630 11:19:28.800"/>
</if>
<msg timestamp="20220630 11:19:28.801" level="INFO">${data} = {'categories': ['Men Clothes', 'Mobile &amp; Gadgets', 'Health &amp; Wellness', 'Watches &amp; Glasses', 'Men Shoes', 'Computers &amp; Laptops', 'Cameras', 'Sports &amp; Outdoors', 'Home Entertainment', 'Gaming &amp; Hobbies...</msg>
<status status="PASS" starttime="20220630 11:19:28.783" endtime="20220630 11:19:28.801"/>
</kw>
<kw name="Wait Until Element Is Visible" library="SeleniumLibrary">
<arg>${see_all_locator}</arg>
<doc>Waits until the element ``locator`` is visible.</doc>
<status status="PASS" starttime="20220630 11:19:28.802" endtime="20220630 11:19:29.373"/>
</kw>
<kw name="Scroll Element Into View" library="SeleniumLibrary">
<arg>${see_all_locator}</arg>
<doc>Scrolls the element identified by ``locator`` into view.</doc>
<status status="PASS" starttime="20220630 11:19:29.373" endtime="20220630 11:19:29.665"/>
</kw>
<kw name="Convert To List" library="Collections">
<var>${brand_name_list}</var>
<arg>${data}[Computer_categories]</arg>
<doc>Converts the given ``item`` to a Python ``list`` type.</doc>
<msg timestamp="20220630 11:19:29.666" level="INFO">${brand_name_list} = ['itcity', 'microsoft', 'seagate', 'advice', 'asus', 'razer', 'hp', 'steelseries', 'logi', 'lenovo', 'huawei', 'tplink']</msg>
<status status="PASS" starttime="20220630 11:19:29.665" endtime="20220630 11:19:29.666"/>
</kw>
<for flavor="IN">
<var>${brand_name}</var>
<value>@{brand_name_list}</value>
<iter>
<var name="${brand_name}">itcity</var>
<kw name="Replace String" library="String">
<var>${comp_categories_locator}</var>
<arg>${computer_categories_locator}</arg>
<arg>label</arg>
<arg>${brand_name}</arg>
<doc>Replaces ``search_for`` in the given ``string`` with ``replace_with``.</doc>
<msg timestamp="20220630 11:19:29.668" level="INFO">${comp_categories_locator} = xpath=//a[@class='ofs-carousel__shop-cover-image' and contains(@href,'itcity')]</msg>
<status status="PASS" starttime="20220630 11:19:29.667" endtime="20220630 11:19:29.668"/>
</kw>
<kw name="Page Should Contain Element" library="SeleniumLibrary">
<arg>${comp_categories_locator}</arg>
<doc>Verifies that element ``locator`` is found on the current page.</doc>
<msg timestamp="20220630 11:19:29.688" level="INFO">Current page contains element 'xpath=//a[@class='ofs-carousel__shop-cover-image' and contains(@href,'itcity')]'.</msg>
<status status="PASS" starttime="20220630 11:19:29.669" endtime="20220630 11:19:29.688"/>
</kw>
<kw name="Get Element Attribute" library="SeleniumLibrary">
<var>${url}</var>
<arg>${comp_categories_locator}</arg>
<arg>href</arg>
<doc>Returns the value of ``attribute`` from the element ``locator``.</doc>
<msg timestamp="20220630 11:19:29.780" level="INFO">${url} = https://shopee.co.th/itcity</msg>
<status status="PASS" starttime="20220630 11:19:29.688" endtime="20220630 11:19:29.780"/>
</kw>
<kw name="Set To Dictionary" library="Collections">
<arg>${data}[Computer_categories]</arg>
<arg>${brand_name}=${url}</arg>
<doc>Adds the given ``key_value_pairs`` and ``items`` to the ``dictionary``.</doc>
<status status="PASS" starttime="20220630 11:19:29.781" endtime="20220630 11:19:29.782"/>
</kw>
<status status="PASS" starttime="20220630 11:19:29.667" endtime="20220630 11:19:29.782"/>
</iter>
<iter>
<var name="${brand_name}">microsoft</var>
<kw name="Replace String" library="String">
<var>${comp_categories_locator}</var>
<arg>${computer_categories_locator}</arg>
<arg>label</arg>
<arg>${brand_name}</arg>
<doc>Replaces ``search_for`` in the given ``string`` with ``replace_with``.</doc>
<msg timestamp="20220630 11:19:29.784" level="INFO">${comp_categories_locator} = xpath=//a[@class='ofs-carousel__shop-cover-image' and contains(@href,'microsoft')]</msg>
<status status="PASS" starttime="20220630 11:19:29.783" endtime="20220630 11:19:29.784"/>
</kw>
<kw name="Page Should Contain Element" library="SeleniumLibrary">
<arg>${comp_categories_locator}</arg>
<doc>Verifies that element ``locator`` is found on the current page.</doc>
<msg timestamp="20220630 11:19:29.812" level="INFO">Current page contains element 'xpath=//a[@class='ofs-carousel__shop-cover-image' and contains(@href,'microsoft')]'.</msg>
<status status="PASS" starttime="20220630 11:19:29.784" endtime="20220630 11:19:29.812"/>
</kw>
<kw name="Get Element Attribute" library="SeleniumLibrary">
<var>${url}</var>
<arg>${comp_categories_locator}</arg>
<arg>href</arg>
<doc>Returns the value of ``attribute`` from the element ``locator``.</doc>
<msg timestamp="20220630 11:19:29.839" level="INFO">${url} = https://shopee.co.th/microsoftofficial</msg>
<status status="PASS" starttime="20220630 11:19:29.813" endtime="20220630 11:19:29.839"/>
</kw>
<kw name="Set To Dictionary" library="Collections">
<arg>${data}[Computer_categories]</arg>
<arg>${brand_name}=${url}</arg>
<doc>Adds the given ``key_value_pairs`` and ``items`` to the ``dictionary``.</doc>
<status status="PASS" starttime="20220630 11:19:29.840" endtime="20220630 11:19:29.840"/>
</kw>
<status status="PASS" starttime="20220630 11:19:29.782" endtime="20220630 11:19:29.840"/>
</iter>
<iter>
<var name="${brand_name}">seagate</var>
<kw name="Replace String" library="String">
<var>${comp_categories_locator}</var>
<arg>${computer_categories_locator}</arg>
<arg>label</arg>
<arg>${brand_name}</arg>
<doc>Replaces ``search_for`` in the given ``string`` with ``replace_with``.</doc>
<msg timestamp="20220630 11:19:29.841" level="INFO">${comp_categories_locator} = xpath=//a[@class='ofs-carousel__shop-cover-image' and contains(@href,'seagate')]</msg>
<status status="PASS" starttime="20220630 11:19:29.841" endtime="20220630 11:19:29.841"/>
</kw>
<kw name="Page Should Contain Element" library="SeleniumLibrary">
<arg>${comp_categories_locator}</arg>
<doc>Verifies that element ``locator`` is found on the current page.</doc>
<msg timestamp="20220630 11:19:29.865" level="INFO">Current page contains element 'xpath=//a[@class='ofs-carousel__shop-cover-image' and contains(@href,'seagate')]'.</msg>
<status status="PASS" starttime="20220630 11:19:29.841" endtime="20220630 11:19:29.865"/>
</kw>
<kw name="Get Element Attribute" library="SeleniumLibrary">
<var>${url}</var>
<arg>${comp_categories_locator}</arg>
<arg>href</arg>
<doc>Returns the value of ``attribute`` from the element ``locator``.</doc>
<msg timestamp="20220630 11:19:29.885" level="INFO">${url} = https://shopee.co.th/seagate_th</msg>
<status status="PASS" starttime="20220630 11:19:29.866" endtime="20220630 11:19:29.885"/>
</kw>
<kw name="Set To Dictionary" library="Collections">
<arg>${data}[Computer_categories]</arg>
<arg>${brand_name}=${url}</arg>
<doc>Adds the given ``key_value_pairs`` and ``items`` to the ``dictionary``.</doc>
<status status="PASS" starttime="20220630 11:19:29.885" endtime="20220630 11:19:29.886"/>
</kw>
<status status="PASS" starttime="20220630 11:19:29.840" endtime="20220630 11:19:29.886"/>
</iter>
<iter>
<var name="${brand_name}">advice</var>
<kw name="Replace String" library="String">
<var>${comp_categories_locator}</var>
<arg>${computer_categories_locator}</arg>
<arg>label</arg>
<arg>${brand_name}</arg>
<doc>Replaces ``search_for`` in the given ``string`` with ``replace_with``.</doc>
<msg timestamp="20220630 11:19:29.888" level="INFO">${comp_categories_locator} = xpath=//a[@class='ofs-carousel__shop-cover-image' and contains(@href,'advice')]</msg>
<status status="PASS" starttime="20220630 11:19:29.887" endtime="20220630 11:19:29.888"/>
</kw>
<kw name="Page Should Contain Element" library="SeleniumLibrary">
<arg>${comp_categories_locator}</arg>
<doc>Verifies that element ``locator`` is found on the current page.</doc>
<msg timestamp="20220630 11:19:29.907" level="INFO">Current page contains element 'xpath=//a[@class='ofs-carousel__shop-cover-image' and contains(@href,'advice')]'.</msg>
<status status="PASS" starttime="20220630 11:19:29.888" endtime="20220630 11:19:29.907"/>
</kw>
<kw name="Get Element Attribute" library="SeleniumLibrary">
<var>${url}</var>
<arg>${comp_categories_locator}</arg>
<arg>href</arg>
<doc>Returns the value of ``attribute`` from the element ``locator``.</doc>
<msg timestamp="20220630 11:19:29.924" level="INFO">${url} = https://shopee.co.th/adviceit_officialshop</msg>
<status status="PASS" starttime="20220630 11:19:29.908" endtime="20220630 11:19:29.924"/>
</kw>
<kw name="Set To Dictionary" library="Collections">
<arg>${data}[Computer_categories]</arg>
<arg>${brand_name}=${url}</arg>
<doc>Adds the given ``key_value_pairs`` and ``items`` to the ``dictionary``.</doc>
<status status="PASS" starttime="20220630 11:19:29.924" endtime="20220630 11:19:29.925"/>
</kw>
<status status="PASS" starttime="20220630 11:19:29.886" endtime="20220630 11:19:29.925"/>
</iter>
<iter>
<var name="${brand_name}">asus</var>
<kw name="Replace String" library="String">
<var>${comp_categories_locator}</var>
<arg>${computer_categories_locator}</arg>
<arg>label</arg>
<arg>${brand_name}</arg>
<doc>Replaces ``search_for`` in the given ``string`` with ``replace_with``.</doc>
<msg timestamp="20220630 11:19:29.927" level="INFO">${comp_categories_locator} = xpath=//a[@class='ofs-carousel__shop-cover-image' and contains(@href,'asus')]</msg>
<status status="PASS" starttime="20220630 11:19:29.926" endtime="20220630 11:19:29.927"/>
</kw>
<kw name="Page Should Contain Element" library="SeleniumLibrary">
<arg>${comp_categories_locator}</arg>
<doc>Verifies that element ``locator`` is found on the current page.</doc>
<msg timestamp="20220630 11:19:29.943" level="INFO">Current page contains element 'xpath=//a[@class='ofs-carousel__shop-cover-image' and contains(@href,'asus')]'.</msg>
<status status="PASS" starttime="20220630 11:19:29.927" endtime="20220630 11:19:29.944"/>
</kw>
<kw name="Get Element Attribute" library="SeleniumLibrary">
<var>${url}</var>
<arg>${comp_categories_locator}</arg>
<arg>href</arg>
<doc>Returns the value of ``attribute`` from the element ``locator``.</doc>
<msg timestamp="20220630 11:19:29.963" level="INFO">${url} = https://shopee.co.th/asus_officialstore</msg>
<status status="PASS" starttime="20220630 11:19:29.944" endtime="20220630 11:19:29.964"/>
</kw>
<kw name="Set To Dictionary" library="Collections">
<arg>${data}[Computer_categories]</arg>
<arg>${brand_name}=${url}</arg>
<doc>Adds the given ``key_value_pairs`` and ``items`` to the ``dictionary``.</doc>
<status status="PASS" starttime="20220630 11:19:29.964" endtime="20220630 11:19:29.965"/>
</kw>
<status status="PASS" starttime="20220630 11:19:29.925" endtime="20220630 11:19:29.965"/>
</iter>
<iter>
<var name="${brand_name}">razer</var>
<kw name="Replace String" library="String">
<var>${comp_categories_locator}</var>
<arg>${computer_categories_locator}</arg>
<arg>label</arg>
<arg>${brand_name}</arg>
<doc>Replaces ``search_for`` in the given ``string`` with ``replace_with``.</doc>
<msg timestamp="20220630 11:19:29.967" level="INFO">${comp_categories_locator} = xpath=//a[@class='ofs-carousel__shop-cover-image' and contains(@href,'razer')]</msg>
<status status="PASS" starttime="20220630 11:19:29.966" endtime="20220630 11:19:29.967"/>
</kw>
<kw name="Page Should Contain Element" library="SeleniumLibrary">
<arg>${comp_categories_locator}</arg>
<doc>Verifies that element ``locator`` is found on the current page.</doc>
<msg timestamp="20220630 11:19:30.057" level="INFO">Current page contains element 'xpath=//a[@class='ofs-carousel__shop-cover-image' and contains(@href,'razer')]'.</msg>
<status status="PASS" starttime="20220630 11:19:29.968" endtime="20220630 11:19:30.057"/>
</kw>
<kw name="Get Element Attribute" library="SeleniumLibrary">
<var>${url}</var>
<arg>${comp_categories_locator}</arg>
<arg>href</arg>
<doc>Returns the value of ``attribute`` from the element ``locator``.</doc>
<msg timestamp="20220630 11:19:30.609" level="INFO">${url} = https://shopee.co.th/razer.official.store</msg>
<status status="PASS" starttime="20220630 11:19:30.058" endtime="20220630 11:19:30.609"/>
</kw>
<kw name="Set To Dictionary" library="Collections">
<arg>${data}[Computer_categories]</arg>
<arg>${brand_name}=${url}</arg>
<doc>Adds the given ``key_value_pairs`` and ``items`` to the ``dictionary``.</doc>
<status status="PASS" starttime="20220630 11:19:30.610" endtime="20220630 11:19:30.611"/>
</kw>
<status status="PASS" starttime="20220630 11:19:29.966" endtime="20220630 11:19:30.611"/>
</iter>
<iter>
<var name="${brand_name}">hp</var>
<kw name="Replace String" library="String">
<var>${comp_categories_locator}</var>
<arg>${computer_categories_locator}</arg>
<arg>label</arg>
<arg>${brand_name}</arg>
<doc>Replaces ``search_for`` in the given ``string`` with ``replace_with``.</doc>
<msg timestamp="20220630 11:19:30.613" level="INFO">${comp_categories_locator} = xpath=//a[@class='ofs-carousel__shop-cover-image' and contains(@href,'hp')]</msg>
<status status="PASS" starttime="20220630 11:19:30.612" endtime="20220630 11:19:30.613"/>
</kw>
<kw name="Page Should Contain Element" library="SeleniumLibrary">
<arg>${comp_categories_locator}</arg>
<doc>Verifies that element ``locator`` is found on the current page.</doc>
<msg timestamp="20220630 11:19:30.693" level="INFO">Current page contains element 'xpath=//a[@class='ofs-carousel__shop-cover-image' and contains(@href,'hp')]'.</msg>
<status status="PASS" starttime="20220630 11:19:30.614" endtime="20220630 11:19:30.693"/>
</kw>
<kw name="Get Element Attribute" library="SeleniumLibrary">
<var>${url}</var>
<arg>${comp_categories_locator}</arg>
<arg>href</arg>
<doc>Returns the value of ``attribute`` from the element ``locator``.</doc>
<msg timestamp="20220630 11:19:30.815" level="INFO">${url} = https://shopee.co.th/online_hp</msg>
<status status="PASS" starttime="20220630 11:19:30.694" endtime="20220630 11:19:30.815"/>
</kw>
<kw name="Set To Dictionary" library="Collections">
<arg>${data}[Computer_categories]</arg>
<arg>${brand_name}=${url}</arg>
<doc>Adds the given ``key_value_pairs`` and ``items`` to the ``dictionary``.</doc>
<status status="PASS" starttime="20220630 11:19:30.815" endtime="20220630 11:19:30.816"/>
</kw>
<status status="PASS" starttime="20220630 11:19:30.612" endtime="20220630 11:19:30.816"/>
</iter>
<iter>
<var name="${brand_name}">steelseries</var>
<kw name="Replace String" library="String">
<var>${comp_categories_locator}</var>
<arg>${computer_categories_locator}</arg>
<arg>label</arg>
<arg>${brand_name}</arg>
<doc>Replaces ``search_for`` in the given ``string`` with ``replace_with``.</doc>
<msg timestamp="20220630 11:19:30.817" level="INFO">${comp_categories_locator} = xpath=//a[@class='ofs-carousel__shop-cover-image' and contains(@href,'steelseries')]</msg>
<status status="PASS" starttime="20220630 11:19:30.816" endtime="20220630 11:19:30.817"/>
</kw>
<kw name="Page Should Contain Element" library="SeleniumLibrary">
<arg>${comp_categories_locator}</arg>
<doc>Verifies that element ``locator`` is found on the current page.</doc>
<msg timestamp="20220630 11:19:30.831" level="INFO">Current page contains element 'xpath=//a[@class='ofs-carousel__shop-cover-image' and contains(@href,'steelseries')]'.</msg>
<status status="PASS" starttime="20220630 11:19:30.817" endtime="20220630 11:19:30.831"/>
</kw>
<kw name="Get Element Attribute" library="SeleniumLibrary">
<var>${url}</var>
<arg>${comp_categories_locator}</arg>
<arg>href</arg>
<doc>Returns the value of ``attribute`` from the element ``locator``.</doc>
<msg timestamp="20220630 11:19:30.847" level="INFO">${url} = https://shopee.co.th/steelseries_official_store</msg>
<status status="PASS" starttime="20220630 11:19:30.832" endtime="20220630 11:19:30.847"/>
</kw>
<kw name="Set To Dictionary" library="Collections">
<arg>${data}[Computer_categories]</arg>
<arg>${brand_name}=${url}</arg>
<doc>Adds the given ``key_value_pairs`` and ``items`` to the ``dictionary``.</doc>
<status status="PASS" starttime="20220630 11:19:30.847" endtime="20220630 11:19:30.848"/>
</kw>
<status status="PASS" starttime="20220630 11:19:30.816" endtime="20220630 11:19:30.848"/>
</iter>
<iter>
<var name="${brand_name}">logi</var>
<kw name="Replace String" library="String">
<var>${comp_categories_locator}</var>
<arg>${computer_categories_locator}</arg>
<arg>label</arg>
<arg>${brand_name}</arg>
<doc>Replaces ``search_for`` in the given ``string`` with ``replace_with``.</doc>
<msg timestamp="20220630 11:19:30.849" level="INFO">${comp_categories_locator} = xpath=//a[@class='ofs-carousel__shop-cover-image' and contains(@href,'logi')]</msg>
<status status="PASS" starttime="20220630 11:19:30.848" endtime="20220630 11:19:30.849"/>
</kw>
<kw name="Page Should Contain Element" library="SeleniumLibrary">
<arg>${comp_categories_locator}</arg>
<doc>Verifies that element ``locator`` is found on the current page.</doc>
<msg timestamp="20220630 11:19:30.863" level="INFO">Current page contains element 'xpath=//a[@class='ofs-carousel__shop-cover-image' and contains(@href,'logi')]'.</msg>
<status status="PASS" starttime="20220630 11:19:30.849" endtime="20220630 11:19:30.863"/>
</kw>
<kw name="Get Element Attribute" library="SeleniumLibrary">
<var>${url}</var>
<arg>${comp_categories_locator}</arg>
<arg>href</arg>
<doc>Returns the value of ``attribute`` from the element ``locator``.</doc>
<msg timestamp="20220630 11:19:30.877" level="INFO">${url} = https://shopee.co.th/logi.shop</msg>
<status status="PASS" starttime="20220630 11:19:30.863" endtime="20220630 11:19:30.877"/>
</kw>
<kw name="Set To Dictionary" library="Collections">
<arg>${data}[Computer_categories]</arg>
<arg>${brand_name}=${url}</arg>
<doc>Adds the given ``key_value_pairs`` and ``items`` to the ``dictionary``.</doc>
<status status="PASS" starttime="20220630 11:19:30.877" endtime="20220630 11:19:30.878"/>
</kw>
<status status="PASS" starttime="20220630 11:19:30.848" endtime="20220630 11:19:30.878"/>
</iter>
<iter>
<var name="${brand_name}">lenovo</var>
<kw name="Replace String" library="String">
<var>${comp_categories_locator}</var>
<arg>${computer_categories_locator}</arg>
<arg>label</arg>
<arg>${brand_name}</arg>
<doc>Replaces ``search_for`` in the given ``string`` with ``replace_with``.</doc>
<msg timestamp="20220630 11:19:30.879" level="INFO">${comp_categories_locator} = xpath=//a[@class='ofs-carousel__shop-cover-image' and contains(@href,'lenovo')]</msg>
<status status="PASS" starttime="20220630 11:19:30.879" endtime="20220630 11:19:30.879"/>
</kw>
<kw name="Page Should Contain Element" library="SeleniumLibrary">
<arg>${comp_categories_locator}</arg>
<doc>Verifies that element ``locator`` is found on the current page.</doc>
<msg timestamp="20220630 11:19:30.900" level="INFO">Current page contains element 'xpath=//a[@class='ofs-carousel__shop-cover-image' and contains(@href,'lenovo')]'.</msg>
<status status="PASS" starttime="20220630 11:19:30.879" endtime="20220630 11:19:30.900"/>
</kw>
<kw name="Get Element Attribute" library="SeleniumLibrary">
<var>${url}</var>
<arg>${comp_categories_locator}</arg>
<arg>href</arg>
<doc>Returns the value of ``attribute`` from the element ``locator``.</doc>
<msg timestamp="20220630 11:19:30.916" level="INFO">${url} = https://shopee.co.th/lenovothailand</msg>
<status status="PASS" starttime="20220630 11:19:30.900" endtime="20220630 11:19:30.916"/>
</kw>
<kw name="Set To Dictionary" library="Collections">
<arg>${data}[Computer_categories]</arg>
<arg>${brand_name}=${url}</arg>
<doc>Adds the given ``key_value_pairs`` and ``items`` to the ``dictionary``.</doc>
<status status="PASS" starttime="20220630 11:19:30.916" endtime="20220630 11:19:30.917"/>
</kw>
<status status="PASS" starttime="20220630 11:19:30.878" endtime="20220630 11:19:30.917"/>
</iter>
<iter>
<var name="${brand_name}">huawei</var>
<kw name="Replace String" library="String">
<var>${comp_categories_locator}</var>
<arg>${computer_categories_locator}</arg>
<arg>label</arg>
<arg>${brand_name}</arg>
<doc>Replaces ``search_for`` in the given ``string`` with ``replace_with``.</doc>
<msg timestamp="20220630 11:19:30.918" level="INFO">${comp_categories_locator} = xpath=//a[@class='ofs-carousel__shop-cover-image' and contains(@href,'huawei')]</msg>
<status status="PASS" starttime="20220630 11:19:30.917" endtime="20220630 11:19:30.918"/>
</kw>
<kw name="Page Should Contain Element" library="SeleniumLibrary">
<arg>${comp_categories_locator}</arg>
<doc>Verifies that element ``locator`` is found on the current page.</doc>
<msg timestamp="20220630 11:19:30.932" level="INFO">Current page contains element 'xpath=//a[@class='ofs-carousel__shop-cover-image' and contains(@href,'huawei')]'.</msg>
<status status="PASS" starttime="20220630 11:19:30.918" endtime="20220630 11:19:30.932"/>
</kw>
<kw name="Get Element Attribute" library="SeleniumLibrary">
<var>${url}</var>
<arg>${comp_categories_locator}</arg>
<arg>href</arg>
<doc>Returns the value of ``attribute`` from the element ``locator``.</doc>
<msg timestamp="20220630 11:19:30.947" level="INFO">${url} = https://shopee.co.th/huawei_official_store</msg>
<status status="PASS" starttime="20220630 11:19:30.932" endtime="20220630 11:19:30.947"/>
</kw>
<kw name="Set To Dictionary" library="Collections">
<arg>${data}[Computer_categories]</arg>
<arg>${brand_name}=${url}</arg>
<doc>Adds the given ``key_value_pairs`` and ``items`` to the ``dictionary``.</doc>
<status status="PASS" starttime="20220630 11:19:30.948" endtime="20220630 11:19:30.948"/>
</kw>
<status status="PASS" starttime="20220630 11:19:30.917" endtime="20220630 11:19:30.948"/>
</iter>
<iter>
<var name="${brand_name}">tplink</var>
<kw name="Replace String" library="String">
<var>${comp_categories_locator}</var>
<arg>${computer_categories_locator}</arg>
<arg>label</arg>
<arg>${brand_name}</arg>
<doc>Replaces ``search_for`` in the given ``string`` with ``replace_with``.</doc>
<msg timestamp="20220630 11:19:30.949" level="INFO">${comp_categories_locator} = xpath=//a[@class='ofs-carousel__shop-cover-image' and contains(@href,'tplink')]</msg>
<status status="PASS" starttime="20220630 11:19:30.949" endtime="20220630 11:19:30.949"/>
</kw>
<kw name="Page Should Contain Element" library="SeleniumLibrary">
<arg>${comp_categories_locator}</arg>
<doc>Verifies that element ``locator`` is found on the current page.</doc>
<msg timestamp="20220630 11:19:30.963" level="INFO">Current page contains element 'xpath=//a[@class='ofs-carousel__shop-cover-image' and contains(@href,'tplink')]'.</msg>
<status status="PASS" starttime="20220630 11:19:30.949" endtime="20220630 11:19:30.963"/>
</kw>
<kw name="Get Element Attribute" library="SeleniumLibrary">
<var>${url}</var>
<arg>${comp_categories_locator}</arg>
<arg>href</arg>
<doc>Returns the value of ``attribute`` from the element ``locator``.</doc>
<msg timestamp="20220630 11:19:30.980" level="INFO">${url} = https://shopee.co.th/tplink_thailand</msg>
<status status="PASS" starttime="20220630 11:19:30.964" endtime="20220630 11:19:30.980"/>
</kw>
<kw name="Set To Dictionary" library="Collections">
<arg>${data}[Computer_categories]</arg>
<arg>${brand_name}=${url}</arg>
<doc>Adds the given ``key_value_pairs`` and ``items`` to the ``dictionary``.</doc>
<status status="PASS" starttime="20220630 11:19:30.981" endtime="20220630 11:19:30.981"/>
</kw>
<status status="PASS" starttime="20220630 11:19:30.948" endtime="20220630 11:19:30.981"/>
</iter>
<status status="PASS" starttime="20220630 11:19:29.666" endtime="20220630 11:19:30.981"/>
</for>
<kw name="Record data into new file" library="common">
<arg>${data}</arg>
<kw name="Dump" library="yaml">
<var>${output}</var>
<arg>${data}</arg>
<doc>Serialize a Python object into a YAML stream.
If stream is None, return the produced string instead.</doc>
<msg timestamp="20220630 11:19:30.987" level="INFO">${output} = Computer_categories:
  advice: https://shopee.co.th/adviceit_officialshop
  asus: https://shopee.co.th/asus_officialstore
  hp: https://shopee.co.th/online_hp
  huawei: https://shopee.co.th/huawei_off...</msg>
<status status="PASS" starttime="20220630 11:19:30.982" endtime="20220630 11:19:30.987"/>
</kw>
<kw name="Run Keyword And Return Status" library="BuiltIn">
<var>${status}</var>
<arg>OperatingSystem.File should not exist</arg>
<arg>${new_data_path}</arg>
<doc>Runs the given keyword with given arguments and returns the status as a Boolean value.</doc>
<kw name="File Should Not Exist" library="OperatingSystem">
<arg>${new_data_path}</arg>
<doc>Fails if the given path points to an existing file.</doc>
<msg timestamp="20220630 11:19:30.989" level="FAIL">File 'D:\Assignment\web5_assignment\keywords\utils\newdata.yaml' exists.</msg>
<status status="FAIL" starttime="20220630 11:19:30.987" endtime="20220630 11:19:30.989"/>
</kw>
<msg timestamp="20220630 11:19:30.989" level="INFO">${status} = False</msg>
<status status="PASS" starttime="20220630 11:19:30.987" endtime="20220630 11:19:30.989"/>
</kw>
<if>
<branch type="IF" condition="${status} =='False'">
<kw name="Remove File" library="OperatingSystem">
<arg>${new_data_path}</arg>
<doc>Removes a file with the given path.</doc>
<status status="NOT RUN" starttime="20220630 11:19:30.989" endtime="20220630 11:19:30.990"/>
</kw>
<kw name="Wait Until Removed" library="OperatingSystem">
<arg>${new_data_path}</arg>
<doc>Waits until the given file or directory is removed.</doc>
<status status="NOT RUN" starttime="20220630 11:19:30.990" endtime="20220630 11:19:30.990"/>
</kw>
<kw name="Create File" library="OperatingSystem">
<arg>${new_data_path}</arg>
<arg>${output}</arg>
<doc>Creates a file with the given content and encoding.</doc>
<status status="NOT RUN" starttime="20220630 11:19:30.990" endtime="20220630 11:19:30.990"/>
</kw>
<status status="NOT RUN" starttime="20220630 11:19:30.989" endtime="20220630 11:19:30.990"/>
</branch>
<branch type="ELSE">
<kw name="Create File" library="OperatingSystem">
<arg>${new_data_path}</arg>
<arg>${output}</arg>
<doc>Creates a file with the given content and encoding.</doc>
<msg timestamp="20220630 11:19:30.991" level="INFO" html="true">Created file '&lt;a href="file://D:\Assignment\web5_assignment\keywords\utils\newdata.yaml"&gt;D:\Assignment\web5_assignment\keywords\utils\newdata.yaml&lt;/a&gt;'.</msg>
<status status="PASS" starttime="20220630 11:19:30.990" endtime="20220630 11:19:30.991"/>
</kw>
<status status="PASS" starttime="20220630 11:19:30.990" endtime="20220630 11:19:30.991"/>
</branch>
<status status="PASS" starttime="20220630 11:19:30.989" endtime="20220630 11:19:30.991"/>
</if>
<status status="PASS" starttime="20220630 11:19:30.981" endtime="20220630 11:19:30.992"/>
</kw>
<status status="PASS" starttime="20220630 11:19:28.782" endtime="20220630 11:19:30.992"/>
</kw>
<kw name="Click at company name" library="computer">
<arg>IT CITY</arg>
<kw name="Get brand name and url from file" library="computer">
<var>${brand_name}</var>
<var>${brand_url}</var>
<arg>${keyword}</arg>
<kw name="Run Keyword And Return Status" library="BuiltIn">
<var>${status}</var>
<arg>BuiltIn.Should contain</arg>
<arg>${keyword}</arg>
<arg>${space}</arg>
<doc>Runs the given keyword with given arguments and returns the status as a Boolean value.</doc>
<kw name="Should Contain" library="BuiltIn">
<arg>${keyword}</arg>
<arg>${space}</arg>
<doc>Fails if ``container`` does not contain ``item`` one or more times.</doc>
<status status="PASS" starttime="20220630 11:19:30.995" endtime="20220630 11:19:30.995"/>
</kw>
<msg timestamp="20220630 11:19:30.995" level="INFO">${status} = True</msg>
<status status="PASS" starttime="20220630 11:19:30.994" endtime="20220630 11:19:30.995"/>
</kw>
<if>
<branch type="IF" condition="'${status}'=='True'">
<kw name="Replace String" library="String">
<var>${convert_brand_to_same_key}</var>
<arg>${keyword}</arg>
<arg>${space}</arg>
<arg>${empty}</arg>
<doc>Replaces ``search_for`` in the given ``string`` with ``replace_with``.</doc>
<msg timestamp="20220630 11:19:30.997" level="INFO">${convert_brand_to_same_key} = ITCITY</msg>
<status status="PASS" starttime="20220630 11:19:30.996" endtime="20220630 11:19:30.998"/>
</kw>
<kw name="Convert To Lower Case" library="String">
<var>${brand_name}</var>
<arg>${convert_brand_to_same_key}</arg>
<doc>Converts string to lower case.</doc>
<msg timestamp="20220630 11:19:30.998" level="INFO">${brand_name} = itcity</msg>
<status status="PASS" starttime="20220630 11:19:30.998" endtime="20220630 11:19:30.998"/>
</kw>
<status status="PASS" starttime="20220630 11:19:30.996" endtime="20220630 11:19:30.998"/>
</branch>
<branch type="ELSE">
<kw name="Convert To Lower Case" library="String">
<var>${brand_name}</var>
<arg>${keyword}</arg>
<doc>Converts string to lower case.</doc>
<status status="NOT RUN" starttime="20220630 11:19:30.998" endtime="20220630 11:19:30.998"/>
</kw>
<status status="NOT RUN" starttime="20220630 11:19:30.998" endtime="20220630 11:19:30.998"/>
</branch>
<status status="PASS" starttime="20220630 11:19:30.995" endtime="20220630 11:19:30.999"/>
</if>
<kw name="Get dictionary from file" library="common">
<var>${brand_dict}</var>
<var>${brand_key}</var>
<arg>${new_data_path}</arg>
<arg>Computer_categories</arg>
<kw name="Read data from file" library="common">
<var>${data}</var>
<arg>${path}</arg>
<kw name="Run Keyword And Return Status" library="BuiltIn">
<var>${status}</var>
<arg>OperatingSystem.File should exist</arg>
<arg>${path}</arg>
<doc>Runs the given keyword with given arguments and returns the status as a Boolean value.</doc>
<kw name="File Should Exist" library="OperatingSystem">
<arg>${path}</arg>
<doc>Fails unless the given ``path`` points to an existing file.</doc>
<msg timestamp="20220630 11:19:31.001" level="INFO" html="true">File '&lt;a href="file://D:\Assignment\web5_assignment\keywords\utils\newdata.yaml"&gt;D:\Assignment\web5_assignment\keywords\utils\newdata.yaml&lt;/a&gt;' exists.</msg>
<status status="PASS" starttime="20220630 11:19:31.000" endtime="20220630 11:19:31.001"/>
</kw>
<msg timestamp="20220630 11:19:31.001" level="INFO">${status} = True</msg>
<status status="PASS" starttime="20220630 11:19:31.000" endtime="20220630 11:19:31.001"/>
</kw>
<if>
<branch type="IF" condition="'${status}'=='True'">
<kw name="Get File" library="OperatingSystem">
<var>${data_file}</var>
<arg>${path}</arg>
<doc>Returns the contents of a specified file.</doc>
<msg timestamp="20220630 11:19:31.002" level="INFO" html="true">Getting file '&lt;a href="file://D:\Assignment\web5_assignment\keywords\utils\newdata.yaml"&gt;D:\Assignment\web5_assignment\keywords\utils\newdata.yaml&lt;/a&gt;'.</msg>
<msg timestamp="20220630 11:19:31.003" level="INFO">${data_file} = Computer_categories:
  advice: https://shopee.co.th/adviceit_officialshop
  asus: https://shopee.co.th/asus_officialstore
  hp: https://shopee.co.th/online_hp
  huawei: https://shopee.co.th/huawei_off...</msg>
<status status="PASS" starttime="20220630 11:19:31.001" endtime="20220630 11:19:31.003"/>
</kw>
<kw name="Safe Load" library="yaml">
<var>${data}</var>
<arg>${data_file}</arg>
<doc>Parse the first YAML document in a stream
and produce the corresponding Python object.</doc>
<msg timestamp="20220630 11:19:31.009" level="INFO">${data} = {'Computer_categories': {'advice': 'https://shopee.co.th/adviceit_officialshop', 'asus': 'https://shopee.co.th/asus_officialstore', 'hp': 'https://shopee.co.th/online_hp', 'huawei': 'https://shopee.co...</msg>
<status status="PASS" starttime="20220630 11:19:31.003" endtime="20220630 11:19:31.009"/>
</kw>
<status status="PASS" starttime="20220630 11:19:31.001" endtime="20220630 11:19:31.009"/>
</branch>
<branch type="ELSE">
<kw name="Log To Console" library="BuiltIn">
<arg>Not found file at ${path}</arg>
<doc>Logs the given message to the console.</doc>
<status status="NOT RUN" starttime="20220630 11:19:31.009" endtime="20220630 11:19:31.009"/>
</kw>
<status status="NOT RUN" starttime="20220630 11:19:31.009" endtime="20220630 11:19:31.009"/>
</branch>
<status status="PASS" starttime="20220630 11:19:31.001" endtime="20220630 11:19:31.009"/>
</if>
<msg timestamp="20220630 11:19:31.009" level="INFO">${data} = {'Computer_categories': {'advice': 'https://shopee.co.th/adviceit_officialshop', 'asus': 'https://shopee.co.th/asus_officialstore', 'hp': 'https://shopee.co.th/online_hp', 'huawei': 'https://shopee.co...</msg>
<status status="PASS" starttime="20220630 11:19:30.999" endtime="20220630 11:19:31.010"/>
</kw>
<kw name="Copy Dictionary" library="Collections">
<var>${dict}</var>
<arg>${data}[${keyword}]</arg>
<doc>Returns a copy of the given dictionary.</doc>
<msg timestamp="20220630 11:19:31.010" level="INFO">${dict} = {'advice': 'https://shopee.co.th/adviceit_officialshop', 'asus': 'https://shopee.co.th/asus_officialstore', 'hp': 'https://shopee.co.th/online_hp', 'huawei': 'https://shopee.co.th/huawei_official_stor...</msg>
<status status="PASS" starttime="20220630 11:19:31.010" endtime="20220630 11:19:31.010"/>
</kw>
<kw name="Get Dictionary Keys" library="Collections">
<var>${key}</var>
<arg>${dict}</arg>
<arg>sort_keys=False</arg>
<doc>Returns keys of the given ``dictionary`` as a list.</doc>
<msg timestamp="20220630 11:19:31.011" level="INFO">${key} = ['advice', 'asus', 'hp', 'huawei', 'itcity', 'lenovo', 'logi', 'microsoft', 'razer', 'seagate', 'steelseries', 'tplink']</msg>
<status status="PASS" starttime="20220630 11:19:31.010" endtime="20220630 11:19:31.011"/>
</kw>
<msg timestamp="20220630 11:19:31.011" level="INFO">${brand_dict} = {'advice': 'https://shopee.co.th/adviceit_officialshop', 'asus': 'https://shopee.co.th/asus_officialstore', 'hp': 'https://shopee.co.th/online_hp', 'huawei': 'https://shopee.co.th/huawei_official_stor...</msg>
<msg timestamp="20220630 11:19:31.011" level="INFO">${brand_key} = ['advice', 'asus', 'hp', 'huawei', 'itcity', 'lenovo', 'logi', 'microsoft', 'razer', 'seagate', 'steelseries', 'tplink']</msg>
<status status="PASS" starttime="20220630 11:19:30.999" endtime="20220630 11:19:31.011"/>
</kw>
<kw name="Set Variable" library="BuiltIn">
<var>${brand_url}</var>
<arg>${brand_dict}[${brand_name}]</arg>
<doc>Returns the given values which can then be assigned to a variables.</doc>
<msg timestamp="20220630 11:19:31.012" level="INFO">${brand_url} = https://shopee.co.th/itcity</msg>
<status status="PASS" starttime="20220630 11:19:31.011" endtime="20220630 11:19:31.012"/>
</kw>
<msg timestamp="20220630 11:19:31.012" level="INFO">${brand_name} = itcity</msg>
<msg timestamp="20220630 11:19:31.012" level="INFO">${brand_url} = https://shopee.co.th/itcity</msg>
<status status="PASS" starttime="20220630 11:19:30.993" endtime="20220630 11:19:31.012"/>
</kw>
<kw name="Replace String" library="String">
<var>${categories_locator}</var>
<arg>${computer_categories_locator}</arg>
<arg>label</arg>
<arg>/${brand_name}</arg>
<doc>Replaces ``search_for`` in the given ``string`` with ``replace_with``.</doc>
<msg timestamp="20220630 11:19:31.013" level="INFO">${categories_locator} = xpath=//a[@class='ofs-carousel__shop-cover-image' and contains(@href,'/itcity')]</msg>
<status status="PASS" starttime="20220630 11:19:31.012" endtime="20220630 11:19:31.013"/>
</kw>
<kw name="Click Element" library="SeleniumLibrary">
<arg>${categories_locator}</arg>
<doc>Click the element identified by ``locator``.</doc>
<msg timestamp="20220630 11:19:31.013" level="INFO">Clicking element 'xpath=//a[@class='ofs-carousel__shop-cover-image' and contains(@href,'/itcity')]'.</msg>
<status status="PASS" starttime="20220630 11:19:31.013" endtime="20220630 11:19:31.148"/>
</kw>
<kw name="Wait Until Element Is Visible" library="SeleniumLibrary">
<arg>${seller_profile_locator}</arg>
<arg>20s</arg>
<doc>Waits until the element ``locator`` is visible.</doc>
<status status="PASS" starttime="20220630 11:19:31.148" endtime="20220630 11:19:32.754"/>
</kw>
<kw name="Location Should Be" library="SeleniumLibrary">
<arg>${brand_url}</arg>
<doc>Verifies that the current URL is exactly ``url``.</doc>
<msg timestamp="20220630 11:19:33.628" level="INFO">Current location is 'https://shopee.co.th/itcity'.</msg>
<status status="PASS" starttime="20220630 11:19:32.754" endtime="20220630 11:19:33.628"/>
</kw>
<kw name="Go Back" library="SeleniumLibrary">
<doc>Simulates the user clicking the back button on their browser.</doc>
<status status="PASS" starttime="20220630 11:19:33.629" endtime="20220630 11:19:34.381"/>
</kw>
<kw name="Wait Until Location Contains" library="SeleniumLibrary">
<arg>Computers</arg>
<arg>20s</arg>
<doc>Waits until the current URL contains ``expected``.</doc>
<status status="PASS" starttime="20220630 11:19:34.382" endtime="20220630 11:19:34.389"/>
</kw>
<status status="PASS" starttime="20220630 11:19:30.992" endtime="20220630 11:19:34.390"/>
</kw>
<status status="PASS" starttime="20220630 11:19:28.782" endtime="20220630 11:19:34.390"/>
</kw>
<kw name="Search products sort by &quot;Popular, Latest, Top Sales and Price&quot;" library="computer_products_feature">
<kw name="Sort by keyword" library="computer_products_feature">
<arg>Popular</arg>
<kw name="Get dictionary from file" library="common">
<var>${sortby_dict}</var>
<var>${sortby_key}</var>
<arg>${data_path}</arg>
<arg>SortBy</arg>
<kw name="Read data from file" library="common">
<var>${data}</var>
<arg>${path}</arg>
<kw name="Run Keyword And Return Status" library="BuiltIn">
<var>${status}</var>
<arg>OperatingSystem.File should exist</arg>
<arg>${path}</arg>
<doc>Runs the given keyword with given arguments and returns the status as a Boolean value.</doc>
<kw name="File Should Exist" library="OperatingSystem">
<arg>${path}</arg>
<doc>Fails unless the given ``path`` points to an existing file.</doc>
<msg timestamp="20220630 11:19:34.396" level="INFO" html="true">File '&lt;a href="file://D:\Assignment\web5_assignment\keywords\utils\data.yaml"&gt;D:\Assignment\web5_assignment\keywords\utils\data.yaml&lt;/a&gt;' exists.</msg>
<status status="PASS" starttime="20220630 11:19:34.395" endtime="20220630 11:19:34.396"/>
</kw>
<msg timestamp="20220630 11:19:34.396" level="INFO">${status} = True</msg>
<status status="PASS" starttime="20220630 11:19:34.394" endtime="20220630 11:19:34.396"/>
</kw>
<if>
<branch type="IF" condition="'${status}'=='True'">
<kw name="Get File" library="OperatingSystem">
<var>${data_file}</var>
<arg>${path}</arg>
<doc>Returns the contents of a specified file.</doc>
<msg timestamp="20220630 11:19:34.398" level="INFO" html="true">Getting file '&lt;a href="file://D:\Assignment\web5_assignment\keywords\utils\data.yaml"&gt;D:\Assignment\web5_assignment\keywords\utils\data.yaml&lt;/a&gt;'.</msg>
<msg timestamp="20220630 11:19:34.398" level="INFO">${data_file} = categories:
  - Men Clothes
  - Mobile &amp; Gadgets
  - Health &amp; Wellness
  - Watches &amp; Glasses
  - Men Shoes
  - Computers &amp; Laptops
  - Cameras
  - Sports &amp; Outdoors
  - Home Entertainment 
  - Gaming ...</msg>
<status status="PASS" starttime="20220630 11:19:34.397" endtime="20220630 11:19:34.398"/>
</kw>
<kw name="Safe Load" library="yaml">
<var>${data}</var>
<arg>${data_file}</arg>
<doc>Parse the first YAML document in a stream
and produce the corresponding Python object.</doc>
<msg timestamp="20220630 11:19:34.410" level="INFO">${data} = {'categories': ['Men Clothes', 'Mobile &amp; Gadgets', 'Health &amp; Wellness', 'Watches &amp; Glasses', 'Men Shoes', 'Computers &amp; Laptops', 'Cameras', 'Sports &amp; Outdoors', 'Home Entertainment', 'Gaming &amp; Hobbies...</msg>
<status status="PASS" starttime="20220630 11:19:34.399" endtime="20220630 11:19:34.410"/>
</kw>
<status status="PASS" starttime="20220630 11:19:34.397" endtime="20220630 11:19:34.410"/>
</branch>
<branch type="ELSE">
<kw name="Log To Console" library="BuiltIn">
<arg>Not found file at ${path}</arg>
<doc>Logs the given message to the console.</doc>
<status status="NOT RUN" starttime="20220630 11:19:34.410" endtime="20220630 11:19:34.411"/>
</kw>
<status status="NOT RUN" starttime="20220630 11:19:34.410" endtime="20220630 11:19:34.411"/>
</branch>
<status status="PASS" starttime="20220630 11:19:34.396" endtime="20220630 11:19:34.411"/>
</if>
<msg timestamp="20220630 11:19:34.411" level="INFO">${data} = {'categories': ['Men Clothes', 'Mobile &amp; Gadgets', 'Health &amp; Wellness', 'Watches &amp; Glasses', 'Men Shoes', 'Computers &amp; Laptops', 'Cameras', 'Sports &amp; Outdoors', 'Home Entertainment', 'Gaming &amp; Hobbies...</msg>
<status status="PASS" starttime="20220630 11:19:34.393" endtime="20220630 11:19:34.411"/>
</kw>
<kw name="Copy Dictionary" library="Collections">
<var>${dict}</var>
<arg>${data}[${keyword}]</arg>
<doc>Returns a copy of the given dictionary.</doc>
<msg timestamp="20220630 11:19:34.413" level="INFO">${dict} = {'Popular': 'pop', 'Latest': 'ctime', 'Top_Sales': 'sales', 'Price': 'price'}</msg>
<status status="PASS" starttime="20220630 11:19:34.412" endtime="20220630 11:19:34.413"/>
</kw>
<kw name="Get Dictionary Keys" library="Collections">
<var>${key}</var>
<arg>${dict}</arg>
<arg>sort_keys=False</arg>
<doc>Returns keys of the given ``dictionary`` as a list.</doc>
<msg timestamp="20220630 11:19:34.414" level="INFO">${key} = ['Popular', 'Latest', 'Top_Sales', 'Price']</msg>
<status status="PASS" starttime="20220630 11:19:34.413" endtime="20220630 11:19:34.414"/>
</kw>
<msg timestamp="20220630 11:19:34.415" level="INFO">${sortby_dict} = {'Popular': 'pop', 'Latest': 'ctime', 'Top_Sales': 'sales', 'Price': 'price'}</msg>
<msg timestamp="20220630 11:19:34.415" level="INFO">${sortby_key} = ['Popular', 'Latest', 'Top_Sales', 'Price']</msg>
<status status="PASS" starttime="20220630 11:19:34.393" endtime="20220630 11:19:34.415"/>
</kw>
<kw name="Replace String" library="String">
<var>${top_sales_key}</var>
<arg>${sortby_key}[2]</arg>
<arg>_</arg>
<arg>${space}</arg>
<doc>Replaces ``search_for`` in the given ``string`` with ``replace_with``.</doc>
<msg timestamp="20220630 11:19:34.416" level="INFO">${top_sales_key} = Top Sales</msg>
<status status="PASS" starttime="20220630 11:19:34.415" endtime="20220630 11:19:34.416"/>
</kw>
<kw name="Set Variable" library="BuiltIn">
<var>${Popular}</var>
<arg>${sortby_key}[0]</arg>
<doc>Returns the given values which can then be assigned to a variables.</doc>
<msg timestamp="20220630 11:19:34.418" level="INFO">${Popular} = Popular</msg>
<status status="PASS" starttime="20220630 11:19:34.417" endtime="20220630 11:19:34.418"/>
</kw>
<kw name="Set Variable" library="BuiltIn">
<var>${Latest}</var>
<arg>${sortby_key}[1]</arg>
<doc>Returns the given values which can then be assigned to a variables.</doc>
<msg timestamp="20220630 11:19:34.419" level="INFO">${Latest} = Latest</msg>
<status status="PASS" starttime="20220630 11:19:34.418" endtime="20220630 11:19:34.419"/>
</kw>
<kw name="Set Variable" library="BuiltIn">
<var>${Top_Sales}</var>
<arg>${top_sales_key}</arg>
<doc>Returns the given values which can then be assigned to a variables.</doc>
<msg timestamp="20220630 11:19:34.420" level="INFO">${Top_Sales} = Top Sales</msg>
<status status="PASS" starttime="20220630 11:19:34.419" endtime="20220630 11:19:34.420"/>
</kw>
<if>
<branch type="IF" condition="'${keywords}' == '${Popular}'">
<kw name="Select popular dropdown" library="computer">
<kw name="Wait Until Element Is Visible" library="SeleniumLibrary">
<arg>${sort_by_locator}</arg>
<arg>20s</arg>
<doc>Waits until the element ``locator`` is visible.</doc>
<status status="PASS" starttime="20220630 11:19:34.422" endtime="20220630 11:19:35.369"/>
</kw>
<kw name="Scroll Element Into View" library="SeleniumLibrary">
<arg>${sort_by_locator}</arg>
<doc>Scrolls the element identified by ``locator`` into view.</doc>
<status status="PASS" starttime="20220630 11:19:35.369" endtime="20220630 11:19:35.681"/>
</kw>
<kw name="Click Element" library="SeleniumLibrary">
<arg>${pop_locator}</arg>
<doc>Click the element identified by ``locator``.</doc>
<msg timestamp="20220630 11:19:35.681" level="INFO">Clicking element 'xpath=//div[contains(@class,'shopee-sort-by-options') and contains(text(),'Popular')]'.</msg>
<status status="PASS" starttime="20220630 11:19:35.681" endtime="20220630 11:19:35.915"/>
</kw>
<kw name="Wait Until Element Is Visible" library="SeleniumLibrary">
<arg>${sort_by_locator}</arg>
<arg>20s</arg>
<doc>Waits until the element ``locator`` is visible.</doc>
<status status="PASS" starttime="20220630 11:19:35.915" endtime="20220630 11:19:36.977"/>
</kw>
<status status="PASS" starttime="20220630 11:19:34.421" endtime="20220630 11:19:36.978"/>
</kw>
<kw name="Location Should Contain" library="SeleniumLibrary">
<arg>sortBy=${sortby_dict}[Popular]</arg>
<doc>Verifies that the current URL contains ``expected``.</doc>
<msg timestamp="20220630 11:19:36.985" level="INFO">Current location contains 'sortBy=pop'.</msg>
<status status="PASS" starttime="20220630 11:19:36.978" endtime="20220630 11:19:36.985"/>
</kw>
<status status="PASS" starttime="20220630 11:19:34.420" endtime="20220630 11:19:36.985"/>
</branch>
<branch type="ELSE IF" condition="'${keywords}' == '${Latest}'">
<kw name="Select latest dropdown" library="computer">
<status status="NOT RUN" starttime="20220630 11:19:36.985" endtime="20220630 11:19:36.985"/>
</kw>
<kw name="Location Should Contain" library="SeleniumLibrary">
<arg>sortBy=${sortby_dict}[Latest]</arg>
<doc>Verifies that the current URL contains ``expected``.</doc>
<status status="NOT RUN" starttime="20220630 11:19:36.986" endtime="20220630 11:19:36.986"/>
</kw>
<status status="NOT RUN" starttime="20220630 11:19:36.985" endtime="20220630 11:19:36.986"/>
</branch>
<branch type="ELSE IF" condition="'${keywords}' == '${Top_Sales}'">
<kw name="Select top sales dropdown" library="computer">
<status status="NOT RUN" starttime="20220630 11:19:36.986" endtime="20220630 11:19:36.986"/>
</kw>
<kw name="Location Should Contain" library="SeleniumLibrary">
<arg>sortBy=${sortby_dict}[Top_Sales]</arg>
<doc>Verifies that the current URL contains ``expected``.</doc>
<status status="NOT RUN" starttime="20220630 11:19:36.986" endtime="20220630 11:19:36.986"/>
</kw>
<status status="NOT RUN" starttime="20220630 11:19:36.986" endtime="20220630 11:19:36.987"/>
</branch>
<branch type="ELSE IF" condition="'${keywords}'=='Low to High'">
<kw name="Mouse Over" library="SeleniumLibrary">
<arg>${price_locator}</arg>
<doc>Simulates hovering the mouse over the element ``locator``.</doc>
<status status="NOT RUN" starttime="20220630 11:19:36.987" endtime="20220630 11:19:36.987"/>
</kw>
<kw name="Select price dropdown" library="computer">
<arg>${keywords}</arg>
<status status="NOT RUN" starttime="20220630 11:19:36.987" endtime="20220630 11:19:36.987"/>
</kw>
<kw name="Wait Until Location Contains" library="SeleniumLibrary">
<arg>?order=asc</arg>
<doc>Waits until the current URL contains ``expected``.</doc>
<status status="NOT RUN" starttime="20220630 11:19:36.987" endtime="20220630 11:19:36.987"/>
</kw>
<kw name="Location Should Contain" library="SeleniumLibrary">
<arg>sortBy=${sortby_dict}[Price]</arg>
<doc>Verifies that the current URL contains ``expected``.</doc>
<status status="NOT RUN" starttime="20220630 11:19:36.987" endtime="20220630 11:19:36.988"/>
</kw>
<kw name="Verify third product is wireless mouse in search result" library="computer">
<status status="NOT RUN" starttime="20220630 11:19:36.988" endtime="20220630 11:19:36.988"/>
</kw>
<status status="NOT RUN" starttime="20220630 11:19:36.987" endtime="20220630 11:19:36.988"/>
</branch>
<branch type="ELSE IF" condition="'${keywords}'=='High to Low'">
<kw name="Mouse Over" library="SeleniumLibrary">
<arg>${price_locator}</arg>
<doc>Simulates hovering the mouse over the element ``locator``.</doc>
<status status="NOT RUN" starttime="20220630 11:19:36.988" endtime="20220630 11:19:36.988"/>
</kw>
<kw name="Select price dropdown" library="computer">
<arg>${keywords}</arg>
<status status="NOT RUN" starttime="20220630 11:19:36.988" endtime="20220630 11:19:36.988"/>
</kw>
<kw name="Wait Until Location Contains" library="SeleniumLibrary">
<arg>?order=desc</arg>
<doc>Waits until the current URL contains ``expected``.</doc>
<status status="NOT RUN" starttime="20220630 11:19:36.988" endtime="20220630 11:19:36.989"/>
</kw>
<kw name="Location Should Contain" library="SeleniumLibrary">
<arg>sortBy=${sortby_dict}[Price]</arg>
<doc>Verifies that the current URL contains ``expected``.</doc>
<status status="NOT RUN" starttime="20220630 11:19:36.989" endtime="20220630 11:19:36.989"/>
</kw>
<status status="NOT RUN" starttime="20220630 11:19:36.988" endtime="20220630 11:19:36.989"/>
</branch>
<status status="PASS" starttime="20220630 11:19:34.420" endtime="20220630 11:19:36.989"/>
</if>
<status status="PASS" starttime="20220630 11:19:34.392" endtime="20220630 11:19:36.989"/>
</kw>
<kw name="Sort by keyword" library="computer_products_feature">
<arg>Latest</arg>
<kw name="Get dictionary from file" library="common">
<var>${sortby_dict}</var>
<var>${sortby_key}</var>
<arg>${data_path}</arg>
<arg>SortBy</arg>
<kw name="Read data from file" library="common">
<var>${data}</var>
<arg>${path}</arg>
<kw name="Run Keyword And Return Status" library="BuiltIn">
<var>${status}</var>
<arg>OperatingSystem.File should exist</arg>
<arg>${path}</arg>
<doc>Runs the given keyword with given arguments and returns the status as a Boolean value.</doc>
<kw name="File Should Exist" library="OperatingSystem">
<arg>${path}</arg>
<doc>Fails unless the given ``path`` points to an existing file.</doc>
<msg timestamp="20220630 11:19:36.992" level="INFO" html="true">File '&lt;a href="file://D:\Assignment\web5_assignment\keywords\utils\data.yaml"&gt;D:\Assignment\web5_assignment\keywords\utils\data.yaml&lt;/a&gt;' exists.</msg>
<status status="PASS" starttime="20220630 11:19:36.991" endtime="20220630 11:19:36.992"/>
</kw>
<msg timestamp="20220630 11:19:36.992" level="INFO">${status} = True</msg>
<status status="PASS" starttime="20220630 11:19:36.991" endtime="20220630 11:19:36.992"/>
</kw>
<if>
<branch type="IF" condition="'${status}'=='True'">
<kw name="Get File" library="OperatingSystem">
<var>${data_file}</var>
<arg>${path}</arg>
<doc>Returns the contents of a specified file.</doc>
<msg timestamp="20220630 11:19:36.993" level="INFO" html="true">Getting file '&lt;a href="file://D:\Assignment\web5_assignment\keywords\utils\data.yaml"&gt;D:\Assignment\web5_assignment\keywords\utils\data.yaml&lt;/a&gt;'.</msg>
<msg timestamp="20220630 11:19:36.993" level="INFO">${data_file} = categories:
  - Men Clothes
  - Mobile &amp; Gadgets
  - Health &amp; Wellness
  - Watches &amp; Glasses
  - Men Shoes
  - Computers &amp; Laptops
  - Cameras
  - Sports &amp; Outdoors
  - Home Entertainment 
  - Gaming ...</msg>
<status status="PASS" starttime="20220630 11:19:36.993" endtime="20220630 11:19:36.993"/>
</kw>
<kw name="Safe Load" library="yaml">
<var>${data}</var>
<arg>${data_file}</arg>
<doc>Parse the first YAML document in a stream
and produce the corresponding Python object.</doc>
<msg timestamp="20220630 11:19:37.000" level="INFO">${data} = {'categories': ['Men Clothes', 'Mobile &amp; Gadgets', 'Health &amp; Wellness', 'Watches &amp; Glasses', 'Men Shoes', 'Computers &amp; Laptops', 'Cameras', 'Sports &amp; Outdoors', 'Home Entertainment', 'Gaming &amp; Hobbies...</msg>
<status status="PASS" starttime="20220630 11:19:36.994" endtime="20220630 11:19:37.000"/>
</kw>
<status status="PASS" starttime="20220630 11:19:36.992" endtime="20220630 11:19:37.001"/>
</branch>
<branch type="ELSE">
<kw name="Log To Console" library="BuiltIn">
<arg>Not found file at ${path}</arg>
<doc>Logs the given message to the console.</doc>
<status status="NOT RUN" starttime="20220630 11:19:37.001" endtime="20220630 11:19:37.001"/>
</kw>
[...]
<msg timestamp="20220630 11:19:51.850" level="INFO">${brand_name_locator} = xpath=//a[@class='full-brand-list-item__brand-cover-image'  and contains(@href,'microsoft')]</msg>
<status status="PASS" starttime="20220630 11:19:51.849" endtime="20220630 11:19:51.850"/>
</kw>
<kw name="Page Should Contain Element" library="SeleniumLibrary">
<arg>${brand_name_locator}</arg>
<doc>Verifies that element ``locator`` is found on the current page.</doc>
<msg timestamp="20220630 11:19:51.863" level="INFO">Current page contains element 'xpath=//a[@class='full-brand-list-item__brand-cover-image'  and contains(@href,'microsoft')]'.</msg>
<status status="PASS" starttime="20220630 11:19:51.850" endtime="20220630 11:19:51.863"/>
</kw>
<status status="PASS" starttime="20220630 11:19:51.849" endtime="20220630 11:19:51.863"/>
</iter>
<iter>
<var name="${url}">seagate</var>
<kw name="Replace String" library="String">
<var>${brand_name_locator}</var>
<arg>${brand_name_url_locator}</arg>
<arg>url</arg>
<arg>${url}</arg>
<doc>Replaces ``search_for`` in the given ``string`` with ``replace_with``.</doc>
<msg timestamp="20220630 11:19:51.864" level="INFO">${brand_name_locator} = xpath=//a[@class='full-brand-list-item__brand-cover-image'  and contains(@href,'seagate')]</msg>
<status status="PASS" starttime="20220630 11:19:51.863" endtime="20220630 11:19:51.864"/>
</kw>
<kw name="Page Should Contain Element" library="SeleniumLibrary">
<arg>${brand_name_locator}</arg>
<doc>Verifies that element ``locator`` is found on the current page.</doc>
<msg timestamp="20220630 11:19:51.877" level="INFO">Current page contains element 'xpath=//a[@class='full-brand-list-item__brand-cover-image'  and contains(@href,'seagate')]'.</msg>
<status status="PASS" starttime="20220630 11:19:51.864" endtime="20220630 11:19:51.877"/>
</kw>
<status status="PASS" starttime="20220630 11:19:51.863" endtime="20220630 11:19:51.877"/>
</iter>
<iter>
<var name="${url}">advice</var>
<kw name="Replace String" library="String">
<var>${brand_name_locator}</var>
<arg>${brand_name_url_locator}</arg>
<arg>url</arg>
<arg>${url}</arg>
<doc>Replaces ``search_for`` in the given ``string`` with ``replace_with``.</doc>
<msg timestamp="20220630 11:19:51.878" level="INFO">${brand_name_locator} = xpath=//a[@class='full-brand-list-item__brand-cover-image'  and contains(@href,'advice')]</msg>
<status status="PASS" starttime="20220630 11:19:51.877" endtime="20220630 11:19:51.878"/>
</kw>
<kw name="Page Should Contain Element" library="SeleniumLibrary">
<arg>${brand_name_locator}</arg>
<doc>Verifies that element ``locator`` is found on the current page.</doc>
<msg timestamp="20220630 11:19:51.891" level="INFO">Current page contains element 'xpath=//a[@class='full-brand-list-item__brand-cover-image'  and contains(@href,'advice')]'.</msg>
<status status="PASS" starttime="20220630 11:19:51.878" endtime="20220630 11:19:51.891"/>
</kw>
<status status="PASS" starttime="20220630 11:19:51.877" endtime="20220630 11:19:51.891"/>
</iter>
<iter>
<var name="${url}">asus</var>
<kw name="Replace String" library="String">
<var>${brand_name_locator}</var>
<arg>${brand_name_url_locator}</arg>
<arg>url</arg>
<arg>${url}</arg>
<doc>Replaces ``search_for`` in the given ``string`` with ``replace_with``.</doc>
<msg timestamp="20220630 11:19:51.892" level="INFO">${brand_name_locator} = xpath=//a[@class='full-brand-list-item__brand-cover-image'  and contains(@href,'asus')]</msg>
<status status="PASS" starttime="20220630 11:19:51.892" endtime="20220630 11:19:51.892"/>
</kw>
<kw name="Page Should Contain Element" library="SeleniumLibrary">
<arg>${brand_name_locator}</arg>
<doc>Verifies that element ``locator`` is found on the current page.</doc>
<msg timestamp="20220630 11:19:51.905" level="INFO">Current page contains element 'xpath=//a[@class='full-brand-list-item__brand-cover-image'  and contains(@href,'asus')]'.</msg>
<status status="PASS" starttime="20220630 11:19:51.893" endtime="20220630 11:19:51.906"/>
</kw>
<status status="PASS" starttime="20220630 11:19:51.892" endtime="20220630 11:19:51.906"/>
</iter>
<iter>
<var name="${url}">razer</var>
<kw name="Replace String" library="String">
<var>${brand_name_locator}</var>
<arg>${brand_name_url_locator}</arg>
<arg>url</arg>
<arg>${url}</arg>
<doc>Replaces ``search_for`` in the given ``string`` with ``replace_with``.</doc>
<msg timestamp="20220630 11:19:51.907" level="INFO">${brand_name_locator} = xpath=//a[@class='full-brand-list-item__brand-cover-image'  and contains(@href,'razer')]</msg>
<status status="PASS" starttime="20220630 11:19:51.906" endtime="20220630 11:19:51.907"/>
</kw>
<kw name="Page Should Contain Element" library="SeleniumLibrary">
<arg>${brand_name_locator}</arg>
<doc>Verifies that element ``locator`` is found on the current page.</doc>
<msg timestamp="20220630 11:19:51.920" level="INFO">Current page contains element 'xpath=//a[@class='full-brand-list-item__brand-cover-image'  and contains(@href,'razer')]'.</msg>
<status status="PASS" starttime="20220630 11:19:51.907" endtime="20220630 11:19:51.920"/>
</kw>
<status status="PASS" starttime="20220630 11:19:51.906" endtime="20220630 11:19:51.920"/>
</iter>
<iter>
<var name="${url}">hp</var>
<kw name="Replace String" library="String">
<var>${brand_name_locator}</var>
<arg>${brand_name_url_locator}</arg>
<arg>url</arg>
<arg>${url}</arg>
<doc>Replaces ``search_for`` in the given ``string`` with ``replace_with``.</doc>
<msg timestamp="20220630 11:19:51.921" level="INFO">${brand_name_locator} = xpath=//a[@class='full-brand-list-item__brand-cover-image'  and contains(@href,'hp')]</msg>
<status status="PASS" starttime="20220630 11:19:51.920" endtime="20220630 11:19:51.921"/>
</kw>
<kw name="Page Should Contain Element" library="SeleniumLibrary">
<arg>${brand_name_locator}</arg>
<doc>Verifies that element ``locator`` is found on the current page.</doc>
<msg timestamp="20220630 11:19:51.935" level="INFO">Current page contains element 'xpath=//a[@class='full-brand-list-item__brand-cover-image'  and contains(@href,'hp')]'.</msg>
<status status="PASS" starttime="20220630 11:19:51.921" endtime="20220630 11:19:51.935"/>
</kw>
<status status="PASS" starttime="20220630 11:19:51.920" endtime="20220630 11:19:51.935"/>
</iter>
<iter>
<var name="${url}">steelseries</var>
<kw name="Replace String" library="String">
<var>${brand_name_locator}</var>
<arg>${brand_name_url_locator}</arg>
<arg>url</arg>
<arg>${url}</arg>
<doc>Replaces ``search_for`` in the given ``string`` with ``replace_with``.</doc>
<msg timestamp="20220630 11:19:51.936" level="INFO">${brand_name_locator} = xpath=//a[@class='full-brand-list-item__brand-cover-image'  and contains(@href,'steelseries')]</msg>
<status status="PASS" starttime="20220630 11:19:51.935" endtime="20220630 11:19:51.936"/>
</kw>
<kw name="Page Should Contain Element" library="SeleniumLibrary">
<arg>${brand_name_locator}</arg>
<doc>Verifies that element ``locator`` is found on the current page.</doc>
<msg timestamp="20220630 11:19:51.949" level="INFO">Current page contains element 'xpath=//a[@class='full-brand-list-item__brand-cover-image'  and contains(@href,'steelseries')]'.</msg>
<status status="PASS" starttime="20220630 11:19:51.936" endtime="20220630 11:19:51.949"/>
</kw>
<status status="PASS" starttime="20220630 11:19:51.935" endtime="20220630 11:19:51.949"/>
</iter>
<iter>
<var name="${url}">logi</var>
<kw name="Replace String" library="String">
<var>${brand_name_locator}</var>
<arg>${brand_name_url_locator}</arg>
<arg>url</arg>
<arg>${url}</arg>
<doc>Replaces ``search_for`` in the given ``string`` with ``replace_with``.</doc>
<msg timestamp="20220630 11:19:51.950" level="INFO">${brand_name_locator} = xpath=//a[@class='full-brand-list-item__brand-cover-image'  and contains(@href,'logi')]</msg>
<status status="PASS" starttime="20220630 11:19:51.950" endtime="20220630 11:19:51.950"/>
</kw>
<kw name="Page Should Contain Element" library="SeleniumLibrary">
<arg>${brand_name_locator}</arg>
<doc>Verifies that element ``locator`` is found on the current page.</doc>
<msg timestamp="20220630 11:19:51.963" level="INFO">Current page contains element 'xpath=//a[@class='full-brand-list-item__brand-cover-image'  and contains(@href,'logi')]'.</msg>
<status status="PASS" starttime="20220630 11:19:51.950" endtime="20220630 11:19:51.963"/>
</kw>
<status status="PASS" starttime="20220630 11:19:51.950" endtime="20220630 11:19:51.963"/>
</iter>
<iter>
<var name="${url}">lenovo</var>
<kw name="Replace String" library="String">
<var>${brand_name_locator}</var>
<arg>${brand_name_url_locator}</arg>
<arg>url</arg>
<arg>${url}</arg>
<doc>Replaces ``search_for`` in the given ``string`` with ``replace_with``.</doc>
<msg timestamp="20220630 11:19:51.964" level="INFO">${brand_name_locator} = xpath=//a[@class='full-brand-list-item__brand-cover-image'  and contains(@href,'lenovo')]</msg>
<status status="PASS" starttime="20220630 11:19:51.964" endtime="20220630 11:19:51.964"/>
</kw>
<kw name="Page Should Contain Element" library="SeleniumLibrary">
<arg>${brand_name_locator}</arg>
<doc>Verifies that element ``locator`` is found on the current page.</doc>
<msg timestamp="20220630 11:19:51.981" level="INFO">Current page contains element 'xpath=//a[@class='full-brand-list-item__brand-cover-image'  and contains(@href,'lenovo')]'.</msg>
<status status="PASS" starttime="20220630 11:19:51.964" endtime="20220630 11:19:51.981"/>
</kw>
<status status="PASS" starttime="20220630 11:19:51.963" endtime="20220630 11:19:51.981"/>
</iter>
<iter>
<var name="${url}">huawei</var>
<kw name="Replace String" library="String">
<var>${brand_name_locator}</var>
<arg>${brand_name_url_locator}</arg>
<arg>url</arg>
<arg>${url}</arg>
<doc>Replaces ``search_for`` in the given ``string`` with ``replace_with``.</doc>
<msg timestamp="20220630 11:19:51.982" level="INFO">${brand_name_locator} = xpath=//a[@class='full-brand-list-item__brand-cover-image'  and contains(@href,'huawei')]</msg>
<status status="PASS" starttime="20220630 11:19:51.981" endtime="20220630 11:19:51.982"/>
</kw>
<kw name="Page Should Contain Element" library="SeleniumLibrary">
<arg>${brand_name_locator}</arg>
<doc>Verifies that element ``locator`` is found on the current page.</doc>
<msg timestamp="20220630 11:19:51.995" level="INFO">Current page contains element 'xpath=//a[@class='full-brand-list-item__brand-cover-image'  and contains(@href,'huawei')]'.</msg>
<status status="PASS" starttime="20220630 11:19:51.982" endtime="20220630 11:19:51.995"/>
</kw>
<status status="PASS" starttime="20220630 11:19:51.981" endtime="20220630 11:19:51.995"/>
</iter>
<iter>
<var name="${url}">tplink</var>
<kw name="Replace String" library="String">
<var>${brand_name_locator}</var>
<arg>${brand_name_url_locator}</arg>
<arg>url</arg>
<arg>${url}</arg>
<doc>Replaces ``search_for`` in the given ``string`` with ``replace_with``.</doc>
<msg timestamp="20220630 11:19:51.996" level="INFO">${brand_name_locator} = xpath=//a[@class='full-brand-list-item__brand-cover-image'  and contains(@href,'tplink')]</msg>
<status status="PASS" starttime="20220630 11:19:51.995" endtime="20220630 11:19:51.996"/>
</kw>
<kw name="Page Should Contain Element" library="SeleniumLibrary">
<arg>${brand_name_locator}</arg>
<doc>Verifies that element ``locator`` is found on the current page.</doc>
<msg timestamp="20220630 11:19:52.012" level="INFO">Current page contains element 'xpath=//a[@class='full-brand-list-item__brand-cover-image'  and contains(@href,'tplink')]'.</msg>
<status status="PASS" starttime="20220630 11:19:51.996" endtime="20220630 11:19:52.012"/>
</kw>
<status status="PASS" starttime="20220630 11:19:51.995" endtime="20220630 11:19:52.012"/>
</iter>
<status status="PASS" starttime="20220630 11:19:51.834" endtime="20220630 11:19:52.012"/>
</for>
<for flavor="IN">
<var>${name}</var>
<value>@{brand_name_list}</value>
<iter>
<var name="${name}">Advice</var>
<kw name="Page Should Contain" library="SeleniumLibrary">
<arg>${name}</arg>
<doc>Verifies that current page contains ``text``.</doc>
<msg timestamp="20220630 11:19:52.037" level="INFO">Current page contains text 'Advice'.</msg>
<status status="PASS" starttime="20220630 11:19:52.013" endtime="20220630 11:19:52.037"/>
</kw>
<status status="PASS" starttime="20220630 11:19:52.012" endtime="20220630 11:19:52.037"/>
</iter>
<iter>
<var name="${name}">ASUS</var>
<kw name="Page Should Contain" library="SeleniumLibrary">
<arg>${name}</arg>
<doc>Verifies that current page contains ``text``.</doc>
<msg timestamp="20220630 11:19:52.057" level="INFO">Current page contains text 'ASUS'.</msg>
<status status="PASS" starttime="20220630 11:19:52.037" endtime="20220630 11:19:52.057"/>
</kw>
<status status="PASS" starttime="20220630 11:19:52.037" endtime="20220630 11:19:52.057"/>
</iter>
<iter>
<var name="${name}">HP</var>
<kw name="Page Should Contain" library="SeleniumLibrary">
<arg>${name}</arg>
<doc>Verifies that current page contains ``text``.</doc>
<msg timestamp="20220630 11:19:52.079" level="INFO">Current page contains text 'HP'.</msg>
<status status="PASS" starttime="20220630 11:19:52.057" endtime="20220630 11:19:52.079"/>
</kw>
<status status="PASS" starttime="20220630 11:19:52.057" endtime="20220630 11:19:52.079"/>
</iter>
<iter>
<var name="${name}">Huawei</var>
<kw name="Page Should Contain" library="SeleniumLibrary">
<arg>${name}</arg>
<doc>Verifies that current page contains ``text``.</doc>
<msg timestamp="20220630 11:19:52.105" level="INFO">Current page contains text 'Huawei'.</msg>
<status status="PASS" starttime="20220630 11:19:52.080" endtime="20220630 11:19:52.105"/>
</kw>
<status status="PASS" starttime="20220630 11:19:52.079" endtime="20220630 11:19:52.105"/>
</iter>
<iter>
<var name="${name}">IT City</var>
<kw name="Page Should Contain" library="SeleniumLibrary">
<arg>${name}</arg>
<doc>Verifies that current page contains ``text``.</doc>
<msg timestamp="20220630 11:19:52.127" level="INFO">Current page contains text 'IT City'.</msg>
<status status="PASS" starttime="20220630 11:19:52.105" endtime="20220630 11:19:52.127"/>
</kw>
<status status="PASS" starttime="20220630 11:19:52.105" endtime="20220630 11:19:52.127"/>
</iter>
<iter>
<var name="${name}">Lenovo</var>
<kw name="Page Should Contain" library="SeleniumLibrary">
<arg>${name}</arg>
<doc>Verifies that current page contains ``text``.</doc>
<msg timestamp="20220630 11:19:52.147" level="INFO">Current page contains text 'Lenovo'.</msg>
<status status="PASS" starttime="20220630 11:19:52.127" endtime="20220630 11:19:52.147"/>
</kw>
<status status="PASS" starttime="20220630 11:19:52.127" endtime="20220630 11:19:52.148"/>
</iter>
<iter>
<var name="${name}">logitech</var>
<kw name="Page Should Contain" library="SeleniumLibrary">
<arg>${name}</arg>
<doc>Verifies that current page contains ``text``.</doc>
<msg timestamp="20220630 11:19:52.167" level="INFO">Current page contains text 'logitech'.</msg>
<status status="PASS" starttime="20220630 11:19:52.148" endtime="20220630 11:19:52.167"/>
</kw>
<status status="PASS" starttime="20220630 11:19:52.148" endtime="20220630 11:19:52.167"/>
</iter>
<iter>
<var name="${name}">Microsoft</var>
<kw name="Page Should Contain" library="SeleniumLibrary">
<arg>${name}</arg>
<doc>Verifies that current page contains ``text``.</doc>
<msg timestamp="20220630 11:19:52.189" level="INFO">Current page contains text 'Microsoft'.</msg>
<status status="PASS" starttime="20220630 11:19:52.168" endtime="20220630 11:19:52.189"/>
</kw>
<status status="PASS" starttime="20220630 11:19:52.167" endtime="20220630 11:19:52.190"/>
</iter>
<iter>
<var name="${name}">Razer</var>
<kw name="Page Should Contain" library="SeleniumLibrary">
<arg>${name}</arg>
<doc>Verifies that current page contains ``text``.</doc>
<msg timestamp="20220630 11:19:52.212" level="INFO">Current page contains text 'Razer'.</msg>
<status status="PASS" starttime="20220630 11:19:52.190" endtime="20220630 11:19:52.212"/>
</kw>
<status status="PASS" starttime="20220630 11:19:52.190" endtime="20220630 11:19:52.212"/>
</iter>
<iter>
<var name="${name}">SEAGATE</var>
<kw name="Page Should Contain" library="SeleniumLibrary">
<arg>${name}</arg>
<doc>Verifies that current page contains ``text``.</doc>
<msg timestamp="20220630 11:19:52.232" level="INFO">Current page contains text 'SEAGATE'.</msg>
<status status="PASS" starttime="20220630 11:19:52.213" endtime="20220630 11:19:52.232"/>
</kw>
<status status="PASS" starttime="20220630 11:19:52.213" endtime="20220630 11:19:52.232"/>
</iter>
<iter>
<var name="${name}">Steel Series</var>
<kw name="Page Should Contain" library="SeleniumLibrary">
<arg>${name}</arg>
<doc>Verifies that current page contains ``text``.</doc>
<msg timestamp="20220630 11:19:52.250" level="INFO">Current page contains text 'Steel Series'.</msg>
<status status="PASS" starttime="20220630 11:19:52.232" endtime="20220630 11:19:52.252"/>
</kw>
<status status="PASS" starttime="20220630 11:19:52.232" endtime="20220630 11:19:52.252"/>
</iter>
<iter>
<var name="${name}">TP Link</var>
<kw name="Page Should Contain" library="SeleniumLibrary">
<arg>${name}</arg>
<doc>Verifies that current page contains ``text``.</doc>
<msg timestamp="20220630 11:19:52.271" level="INFO">Current page contains text 'TP Link'.</msg>
<status status="PASS" starttime="20220630 11:19:52.252" endtime="20220630 11:19:52.271"/>
</kw>
<status status="PASS" starttime="20220630 11:19:52.252" endtime="20220630 11:19:52.271"/>
</iter>
<status status="PASS" starttime="20220630 11:19:52.012" endtime="20220630 11:19:52.272"/>
</for>
<status status="PASS" starttime="20220630 11:19:51.815" endtime="20220630 11:19:52.272"/>
</kw>
<status status="PASS" starttime="20220630 11:19:43.569" endtime="20220630 11:19:52.272"/>
</kw>
<kw name="Close browser window" library="common" type="TEARDOWN">
<kw name="Close Browser" library="SeleniumLibrary">
<doc>Closes the current browser.</doc>
<status status="PASS" starttime="20220630 11:19:52.273" endtime="20220630 11:19:54.825"/>
</kw>
<kw name="Log To Console" library="BuiltIn">
<arg>Test Completed</arg>
<doc>Logs the given message to the console.</doc>
<status status="PASS" starttime="20220630 11:19:54.826" endtime="20220630 11:19:54.828"/>
</kw>
<status status="PASS" starttime="20220630 11:19:52.273" endtime="20220630 11:19:54.828"/>
</kw>
<status status="FAIL" starttime="20220630 11:19:15.309" endtime="20220630 11:19:54.830">InvalidSelectorException: Message: invalid selector: Unable to locate an element with the xpath expression //div[contains(@class,'shopee-search-item-result__item')]/div[3]/a[contains(@href='เมาส์ไร้สาย MI')] because of the following error:
SyntaxError: Failed to execute 'evaluate' on 'Document': The string '//div[contains(@class,'shopee-search-item-result__item')]/div[3]/a[contains(@href='เมาส์ไร้สาย MI')]' is not a valid XPath expression.
  (Session info: chrome=102.0.5005.115)
</status>
</test>
<doc>Test to verify that home page should has all categories following list
and when enter computer categories, page should has all categories and
when enter any topics in computer page like 'IT CITY', it must verify that
the page redirect to that topic correctly. At computer page, robot can
sort result following argument 'Popular, Lastest, Top Sales and Price from low to high'.
When sort by price, it should verify that third product has wireless mouse MI but
if the search result not found wireless mouse, the script should show fail result but
continue process until the end of script.At computer page, when robot click see all,
the browser will redirect to search page by name from A-Z, it should verify that
the first letter of brand name in search result same alphabet as robot click [A-Z]</doc>
<status status="FAIL" starttime="20220630 11:19:14.801" endtime="20220630 11:19:54.836"/>
</suite>
<statistics>
<total>
<stat pass="0" fail="1" skip="0">All Tests</stat>
</total>
<tag>
</tag>
<suite>
<stat pass="0" fail="1" skip="0" id="s1" name="Shoppee">Shoppee</stat>
</suite>
</statistics>
<errors>
</errors>
</robot>
