<?xml version="1.0" encoding="UTF-8"?>
<robot generator="Robot 5.0.1 (Python 3.10.4 on win32)" generated="20220531 11:27:39.947" rpa="false" schemaversion="3">
<suite id="s1" name="Android" source="D:\tester\Android automation\android.robot">
<test id="s1-t1" name="Open Test Application for Android and click Search" line="31">
<kw name="Open Test Application">
<kw name="Open Application" library="AppiumLibrary">
<arg>remote_url=http://localhost:4723/wd/hub</arg>
<arg>deviceName=Test Device</arg>
<arg>platformVersion=11.0</arg>
<arg>platformName=Android</arg>
<arg>appPackage=com.material.components</arg>
<arg>appActivity=com.material.components.activity.MainMenu</arg>
<doc>Opens a new application to given Appium server.
Capabilities of appium server, Android and iOS,
Please check https://github.com/appium/appium/blob/master/docs/en/writing-running-appium/server-args.md
| *Option*            | *Man.* | *Description*     |
| remote_url          | Yes    | Appium server url |
| alias               | no     | alias             |</doc>
<status status="PASS" starttime="20220531 11:27:40.295" endtime="20220531 11:27:57.421"/>
</kw>
<status status="PASS" starttime="20220531 11:27:40.294" endtime="20220531 11:27:57.421"/>
</kw>
<kw name="Close Popup When App Start">
<kw name="Wait Until Page Contains Element" library="AppiumLibrary">
<arg>id=com.material.components:id/bt_close</arg>
<arg>30s</arg>
<doc>Waits until element specified with `locator` appears on current page.</doc>
<status status="PASS" starttime="20220531 11:27:57.440" endtime="20220531 11:27:58.287"/>
</kw>
<kw name="Tap" library="AppiumLibrary">
<arg>id=com.material.components:id/bt_close</arg>
<doc>Tap element identified by ``locator``.</doc>
<status status="PASS" starttime="20220531 11:27:58.288" endtime="20220531 11:27:58.807"/>
</kw>
<status status="PASS" starttime="20220531 11:27:57.439" endtime="20220531 11:27:58.808"/>
</kw>
<kw name="Click Search Icon On Topbar">
<kw name="Wait Until Page Contains Element" library="AppiumLibrary">
<arg>accessibility_id=Search</arg>
<arg>30s</arg>
<doc>Waits until element specified with `locator` appears on current page.</doc>
<status status="PASS" starttime="20220531 11:27:58.809" endtime="20220531 11:27:59.584"/>
</kw>
<kw name="Tap" library="AppiumLibrary">
<arg>accessibility_id=Search</arg>
<doc>Tap element identified by ``locator``.</doc>
<status status="PASS" starttime="20220531 11:27:59.584" endtime="20220531 11:28:00.250"/>
</kw>
<status status="PASS" starttime="20220531 11:27:58.808" endtime="20220531 11:28:00.251"/>
</kw>
<kw name="Input Search Keyword Into Search Box">
<arg>Icon</arg>
<kw name="Wait Until Page Contains Element" library="AppiumLibrary">
<arg>id=com.material.components:id/search_src_text</arg>
<arg>30s</arg>
<doc>Waits until element specified with `locator` appears on current page.</doc>
<status status="PASS" starttime="20220531 11:28:00.253" endtime="20220531 11:28:01.177"/>
</kw>
<kw name="Input Text" library="AppiumLibrary">
<arg>id=com.material.components:id/search_src_text</arg>
<arg>${kw}</arg>
<doc>Types the given `text` into text field identified by `locator`.</doc>
<msg timestamp="20220531 11:28:01.182" level="INFO">Typing text 'Icon' into text field 'id=com.material.components:id/search_src_text'</msg>
<status status="PASS" starttime="20220531 11:28:01.177" endtime="20220531 11:28:03.937"/>
</kw>
<status status="PASS" starttime="20220531 11:28:00.252" endtime="20220531 11:28:03.937"/>
</kw>
<kw name="Click Bottom Navigation Icon Menu">
<kw name="Wait Until Page Contains Element" library="AppiumLibrary">
<arg>xpath=//android.widget.LinearLayout[android.widget.TextView[@text='Bottom Navigation'] and android.widget.TextView[@text='Icon']]</arg>
<arg>30s</arg>
<doc>Waits until element specified with `locator` appears on current page.</doc>
<status status="PASS" starttime="20220531 11:28:03.939" endtime="20220531 11:28:06.250"/>
</kw>
<kw name="Tap" library="AppiumLibrary">
<arg>xpath=//android.widget.LinearLayout[android.widget.TextView[@text='Bottom Navigation'] and android.widget.TextView[@text='Icon']]</arg>
<doc>Tap element identified by ``locator``.</doc>
<status status="PASS" starttime="20220531 11:28:06.250" endtime="20220531 11:28:06.776"/>
</kw>
<status status="PASS" starttime="20220531 11:28:03.938" endtime="20220531 11:28:06.776"/>
</kw>
<status status="PASS" starttime="20220531 11:27:40.293" endtime="20220531 11:28:06.797"/>
</test>
<test id="s1-t2" name="Open Test Application for Android and click Card" line="38">
<kw name="Open Test Application">
<kw name="Open Application" library="AppiumLibrary">
<arg>remote_url=http://localhost:4723/wd/hub</arg>
<arg>deviceName=Test Device</arg>
<arg>platformVersion=11.0</arg>
<arg>platformName=Android</arg>
<arg>appPackage=com.material.components</arg>
<arg>appActivity=com.material.components.activity.MainMenu</arg>
<doc>Opens a new application to given Appium server.
Capabilities of appium server, Android and iOS,
Please check https://github.com/appium/appium/blob/master/docs/en/writing-running-appium/server-args.md
| *Option*            | *Man.* | *Description*     |
| remote_url          | Yes    | Appium server url |
| alias               | no     | alias             |</doc>
<status status="PASS" starttime="20220531 11:28:06.801" endtime="20220531 11:28:26.793"/>
</kw>
<status status="PASS" starttime="20220531 11:28:06.800" endtime="20220531 11:28:26.793"/>
</kw>
<kw name="Close Popup When App Start">
<kw name="Wait Until Page Contains Element" library="AppiumLibrary">
<arg>id=com.material.components:id/bt_close</arg>
<arg>30s</arg>
<doc>Waits until element specified with `locator` appears on current page.</doc>
<status status="PASS" starttime="20220531 11:28:26.812" endtime="20220531 11:28:27.396"/>
</kw>
<kw name="Tap" library="AppiumLibrary">
<arg>id=com.material.components:id/bt_close</arg>
<doc>Tap element identified by ``locator``.</doc>
<status status="PASS" starttime="20220531 11:28:27.397" endtime="20220531 11:28:28.087"/>
</kw>
<status status="PASS" starttime="20220531 11:28:26.811" endtime="20220531 11:28:28.087"/>
</kw>
<kw name="Wait Until Page Contains Element" library="AppiumLibrary">
<arg>android=UiSelector().className("android.widget.TextView").text("Cards")</arg>
<arg>30s</arg>
<doc>Waits until element specified with `locator` appears on current page.</doc>
<status status="PASS" starttime="20220531 11:28:28.088" endtime="20220531 11:28:28.936"/>
</kw>
<kw name="Tap" library="AppiumLibrary">
<arg>android=UiSelector().className("android.widget.TextView").text("Cards")</arg>
<doc>Tap element identified by ``locator``.</doc>
<status status="PASS" starttime="20220531 11:28:28.937" endtime="20220531 11:28:29.420"/>
</kw>
<status status="PASS" starttime="20220531 11:28:06.799" endtime="20220531 11:28:29.421"/>
</test>
<status status="PASS" starttime="20220531 11:27:39.950" endtime="20220531 11:28:29.423"/>
</suite>
<statistics>
<total>
<stat pass="2" fail="0" skip="0">All Tests</stat>
</total>
<tag>
</tag>
<suite>
<stat pass="2" fail="0" skip="0" id="s1" name="Android">Android</stat>
</suite>
</statistics>
<errors>
</errors>
</robot>
